:::MLLOG {"namespace": "", "time_ms": 1690396892570, "event_type": "POINT_IN_TIME", "key": "cache_clear", "value": null, "metadata": {"file": "./main_hvd.py", "lineno": 43, "instance": 0}}
:::MLLOG {"namespace": "", "time_ms": 1690396892836, "event_type": "INTERVAL_START", "key": "init_start", "value": null, "metadata": {"file": "./main_hvd.py", "lineno": 44, "instance": 0}}
:::MLLOG {"namespace": "", "time_ms": 1690396892836, "event_type": "POINT_IN_TIME", "key": "submission_benchmark", "value": "cosmoflow", "metadata": {"file": "./main_hvd.py", "lineno": 48, "instance": 0}}
:::MLLOG {"namespace": "", "time_ms": 1690396892837, "event_type": "POINT_IN_TIME", "key": "submission_org", "value": "NVIDIA", "metadata": {"file": "./main_hvd.py", "lineno": 50, "instance": 0}}
:::MLLOG {"namespace": "", "time_ms": 1690396892837, "event_type": "POINT_IN_TIME", "key": "submission_division", "value": "closed", "metadata": {"file": "./main_hvd.py", "lineno": 52, "instance": 0}}
:::MLLOG {"namespace": "", "time_ms": 1690396892837, "event_type": "POINT_IN_TIME", "key": "submission_status", "value": "onprem", "metadata": {"file": "./main_hvd.py", "lineno": 54, "instance": 0}}
:::MLLOG {"namespace": "", "time_ms": 1690396892837, "event_type": "POINT_IN_TIME", "key": "submission_platform", "value": "16.0xNVIDIA DGX A100", "metadata": {"file": "./main_hvd.py", "lineno": 56, "instance": 0}}
:::MLLOG {"namespace": "", "time_ms": 1690396892837, "event_type": "POINT_IN_TIME", "key": "number_of_nodes", "value": 16, "metadata": {"file": "./main_hvd.py", "lineno": 59, "instance": 0}}
:::MLLOG {"namespace": "", "time_ms": 1690396892837, "event_type": "POINT_IN_TIME", "key": "accelerators_per_node", "value": 4, "metadata": {"file": "./main_hvd.py", "lineno": 61, "instance": 0}}
:::MLLOG {"namespace": "", "time_ms": 1690396894617, "event_type": "POINT_IN_TIME", "key": "dropout", "value": 0.5, "metadata": {"file": "./main_hvd.py", "lineno": 107, "instance": 0}}
:::MLLOG {"namespace": "", "time_ms": 1690396894629, "event_type": "POINT_IN_TIME", "key": "opt_weight_decay", "value": 0, "metadata": {"file": "/lus/grand/projects/datascience/zhaozhenghao/workspace/methods/optimized-hpc/cosmoflow/pytorch/optimizer.py", "lineno": 63, "instance": 0}}
:::MLLOG {"namespace": "", "time_ms": 1690396894630, "event_type": "POINT_IN_TIME", "key": "opt_name", "value": "sgd", "metadata": {"file": "/lus/grand/projects/datascience/zhaozhenghao/workspace/methods/optimized-hpc/cosmoflow/pytorch/optimizer.py", "lineno": 65, "instance": 0}}
:::MLLOG {"namespace": "", "time_ms": 1690396894630, "event_type": "POINT_IN_TIME", "key": "opt_base_learning_rate", "value": 0.008, "metadata": {"file": "/lus/grand/projects/datascience/zhaozhenghao/workspace/methods/optimized-hpc/cosmoflow/pytorch/optimizer.py", "lineno": 96, "instance": 0}}
:::MLLOG {"namespace": "", "time_ms": 1690396894630, "event_type": "POINT_IN_TIME", "key": "opt_learning_rate_warmup_epochs", "value": 4, "metadata": {"file": "/lus/grand/projects/datascience/zhaozhenghao/workspace/methods/optimized-hpc/cosmoflow/pytorch/optimizer.py", "lineno": 98, "instance": 0}}
:::MLLOG {"namespace": "", "time_ms": 1690396894630, "event_type": "POINT_IN_TIME", "key": "opt_learning_rate_warmup_factor", "value": 8, "metadata": {"file": "/lus/grand/projects/datascience/zhaozhenghao/workspace/methods/optimized-hpc/cosmoflow/pytorch/optimizer.py", "lineno": 100, "instance": 0}}
:::MLLOG {"namespace": "", "time_ms": 1690396894630, "event_type": "POINT_IN_TIME", "key": "opt_learning_rate_decay_boundary_epochs", "value": [32, 64], "metadata": {"file": "/lus/grand/projects/datascience/zhaozhenghao/workspace/methods/optimized-hpc/cosmoflow/pytorch/optimizer.py", "lineno": 102, "instance": 0}}
:::MLLOG {"namespace": "", "time_ms": 1690396894631, "event_type": "POINT_IN_TIME", "key": "opt_learning_rate_decay_factor", "value": [0.25, 0.125], "metadata": {"file": "/lus/grand/projects/datascience/zhaozhenghao/workspace/methods/optimized-hpc/cosmoflow/pytorch/optimizer.py", "lineno": 104, "instance": 0}}
:::MLLOG {"namespace": "", "time_ms": 1690396900559, "event_type": "POINT_IN_TIME", "key": "global_batch_size", "value": 64, "metadata": {"file": "./main_hvd.py", "lineno": 126, "instance": 0}}
:::MLLOG {"namespace": "", "time_ms": 1690396900559, "event_type": "POINT_IN_TIME", "key": "train_samples", "value": 256, "metadata": {"file": "./main_hvd.py", "lineno": 128, "instance": 0}}
:::MLLOG {"namespace": "", "time_ms": 1690396900559, "event_type": "POINT_IN_TIME", "key": "eval_samples", "value": 256, "metadata": {"file": "./main_hvd.py", "lineno": 130, "instance": 0}}
