:::MLLOG {"namespace": "", "time_ms": 1690384115894, "event_type": "POINT_IN_TIME", "key": "cache_clear", "value": null, "metadata": {"file": "./main_hvd.py", "lineno": 43, "instance": 0}}
:::MLLOG {"namespace": "", "time_ms": 1690384116155, "event_type": "INTERVAL_START", "key": "init_start", "value": null, "metadata": {"file": "./main_hvd.py", "lineno": 44, "instance": 0}}
:::MLLOG {"namespace": "", "time_ms": 1690384116156, "event_type": "POINT_IN_TIME", "key": "submission_benchmark", "value": "cosmoflow", "metadata": {"file": "./main_hvd.py", "lineno": 48, "instance": 0}}
:::MLLOG {"namespace": "", "time_ms": 1690384116156, "event_type": "POINT_IN_TIME", "key": "submission_org", "value": "NVIDIA", "metadata": {"file": "./main_hvd.py", "lineno": 50, "instance": 0}}
:::MLLOG {"namespace": "", "time_ms": 1690384116156, "event_type": "POINT_IN_TIME", "key": "submission_division", "value": "closed", "metadata": {"file": "./main_hvd.py", "lineno": 52, "instance": 0}}
:::MLLOG {"namespace": "", "time_ms": 1690384116156, "event_type": "POINT_IN_TIME", "key": "submission_status", "value": "onprem", "metadata": {"file": "./main_hvd.py", "lineno": 54, "instance": 0}}
:::MLLOG {"namespace": "", "time_ms": 1690384116156, "event_type": "POINT_IN_TIME", "key": "submission_platform", "value": "2.0xNVIDIA DGX A100", "metadata": {"file": "./main_hvd.py", "lineno": 56, "instance": 0}}
:::MLLOG {"namespace": "", "time_ms": 1690384116156, "event_type": "POINT_IN_TIME", "key": "number_of_nodes", "value": 2, "metadata": {"file": "./main_hvd.py", "lineno": 59, "instance": 0}}
:::MLLOG {"namespace": "", "time_ms": 1690384116156, "event_type": "POINT_IN_TIME", "key": "accelerators_per_node", "value": 4, "metadata": {"file": "./main_hvd.py", "lineno": 61, "instance": 0}}
:::MLLOG {"namespace": "", "time_ms": 1690384117890, "event_type": "POINT_IN_TIME", "key": "dropout", "value": 0.5, "metadata": {"file": "./main_hvd.py", "lineno": 107, "instance": 0}}
:::MLLOG {"namespace": "", "time_ms": 1690384117891, "event_type": "POINT_IN_TIME", "key": "opt_weight_decay", "value": 0, "metadata": {"file": "/lus/grand/projects/datascience/zhaozhenghao/workspace/methods/optimized-hpc/cosmoflow/pytorch/optimizer.py", "lineno": 63, "instance": 0}}
:::MLLOG {"namespace": "", "time_ms": 1690384117891, "event_type": "POINT_IN_TIME", "key": "opt_name", "value": "sgd", "metadata": {"file": "/lus/grand/projects/datascience/zhaozhenghao/workspace/methods/optimized-hpc/cosmoflow/pytorch/optimizer.py", "lineno": 65, "instance": 0}}
:::MLLOG {"namespace": "", "time_ms": 1690384117891, "event_type": "POINT_IN_TIME", "key": "opt_base_learning_rate", "value": 0.008, "metadata": {"file": "/lus/grand/projects/datascience/zhaozhenghao/workspace/methods/optimized-hpc/cosmoflow/pytorch/optimizer.py", "lineno": 96, "instance": 0}}
:::MLLOG {"namespace": "", "time_ms": 1690384117892, "event_type": "POINT_IN_TIME", "key": "opt_learning_rate_warmup_epochs", "value": 4, "metadata": {"file": "/lus/grand/projects/datascience/zhaozhenghao/workspace/methods/optimized-hpc/cosmoflow/pytorch/optimizer.py", "lineno": 98, "instance": 0}}
:::MLLOG {"namespace": "", "time_ms": 1690384117892, "event_type": "POINT_IN_TIME", "key": "opt_learning_rate_warmup_factor", "value": 8, "metadata": {"file": "/lus/grand/projects/datascience/zhaozhenghao/workspace/methods/optimized-hpc/cosmoflow/pytorch/optimizer.py", "lineno": 100, "instance": 0}}
:::MLLOG {"namespace": "", "time_ms": 1690384117892, "event_type": "POINT_IN_TIME", "key": "opt_learning_rate_decay_boundary_epochs", "value": [32, 64], "metadata": {"file": "/lus/grand/projects/datascience/zhaozhenghao/workspace/methods/optimized-hpc/cosmoflow/pytorch/optimizer.py", "lineno": 102, "instance": 0}}
:::MLLOG {"namespace": "", "time_ms": 1690384117892, "event_type": "POINT_IN_TIME", "key": "opt_learning_rate_decay_factor", "value": [0.25, 0.125], "metadata": {"file": "/lus/grand/projects/datascience/zhaozhenghao/workspace/methods/optimized-hpc/cosmoflow/pytorch/optimizer.py", "lineno": 104, "instance": 0}}
:::MLLOG {"namespace": "", "time_ms": 1690384121119, "event_type": "POINT_IN_TIME", "key": "global_batch_size", "value": 8, "metadata": {"file": "./main_hvd.py", "lineno": 126, "instance": 0}}
:::MLLOG {"namespace": "", "time_ms": 1690384121119, "event_type": "POINT_IN_TIME", "key": "train_samples", "value": 256, "metadata": {"file": "./main_hvd.py", "lineno": 128, "instance": 0}}
:::MLLOG {"namespace": "", "time_ms": 1690384121120, "event_type": "POINT_IN_TIME", "key": "eval_samples", "value": 256, "metadata": {"file": "./main_hvd.py", "lineno": 130, "instance": 0}}
:::MLLOG {"namespace": "", "time_ms": 1690384298108, "event_type": "POINT_IN_TIME", "key": "cache_clear", "value": null, "metadata": {"file": "./main_hvd.py", "lineno": 43, "instance": 0}}
:::MLLOG {"namespace": "", "time_ms": 1690384298355, "event_type": "INTERVAL_START", "key": "init_start", "value": null, "metadata": {"file": "./main_hvd.py", "lineno": 44, "instance": 0}}
:::MLLOG {"namespace": "", "time_ms": 1690384298355, "event_type": "POINT_IN_TIME", "key": "submission_benchmark", "value": "cosmoflow", "metadata": {"file": "./main_hvd.py", "lineno": 48, "instance": 0}}
:::MLLOG {"namespace": "", "time_ms": 1690384298355, "event_type": "POINT_IN_TIME", "key": "submission_org", "value": "NVIDIA", "metadata": {"file": "./main_hvd.py", "lineno": 50, "instance": 0}}
:::MLLOG {"namespace": "", "time_ms": 1690384298356, "event_type": "POINT_IN_TIME", "key": "submission_division", "value": "closed", "metadata": {"file": "./main_hvd.py", "lineno": 52, "instance": 0}}
:::MLLOG {"namespace": "", "time_ms": 1690384298356, "event_type": "POINT_IN_TIME", "key": "submission_status", "value": "onprem", "metadata": {"file": "./main_hvd.py", "lineno": 54, "instance": 0}}
:::MLLOG {"namespace": "", "time_ms": 1690384298356, "event_type": "POINT_IN_TIME", "key": "submission_platform", "value": "2.0xNVIDIA DGX A100", "metadata": {"file": "./main_hvd.py", "lineno": 56, "instance": 0}}
:::MLLOG {"namespace": "", "time_ms": 1690384298356, "event_type": "POINT_IN_TIME", "key": "number_of_nodes", "value": 2, "metadata": {"file": "./main_hvd.py", "lineno": 59, "instance": 0}}
:::MLLOG {"namespace": "", "time_ms": 1690384298356, "event_type": "POINT_IN_TIME", "key": "accelerators_per_node", "value": 4, "metadata": {"file": "./main_hvd.py", "lineno": 61, "instance": 0}}
:::MLLOG {"namespace": "", "time_ms": 1690384299877, "event_type": "POINT_IN_TIME", "key": "dropout", "value": 0.5, "metadata": {"file": "./main_hvd.py", "lineno": 107, "instance": 0}}
:::MLLOG {"namespace": "", "time_ms": 1690384299878, "event_type": "POINT_IN_TIME", "key": "opt_weight_decay", "value": 0, "metadata": {"file": "/lus/grand/projects/datascience/zhaozhenghao/workspace/methods/optimized-hpc/cosmoflow/pytorch/optimizer.py", "lineno": 63, "instance": 0}}
:::MLLOG {"namespace": "", "time_ms": 1690384299879, "event_type": "POINT_IN_TIME", "key": "opt_name", "value": "sgd", "metadata": {"file": "/lus/grand/projects/datascience/zhaozhenghao/workspace/methods/optimized-hpc/cosmoflow/pytorch/optimizer.py", "lineno": 65, "instance": 0}}
:::MLLOG {"namespace": "", "time_ms": 1690384299879, "event_type": "POINT_IN_TIME", "key": "opt_base_learning_rate", "value": 0.008, "metadata": {"file": "/lus/grand/projects/datascience/zhaozhenghao/workspace/methods/optimized-hpc/cosmoflow/pytorch/optimizer.py", "lineno": 96, "instance": 0}}
:::MLLOG {"namespace": "", "time_ms": 1690384299879, "event_type": "POINT_IN_TIME", "key": "opt_learning_rate_warmup_epochs", "value": 4, "metadata": {"file": "/lus/grand/projects/datascience/zhaozhenghao/workspace/methods/optimized-hpc/cosmoflow/pytorch/optimizer.py", "lineno": 98, "instance": 0}}
:::MLLOG {"namespace": "", "time_ms": 1690384299879, "event_type": "POINT_IN_TIME", "key": "opt_learning_rate_warmup_factor", "value": 8, "metadata": {"file": "/lus/grand/projects/datascience/zhaozhenghao/workspace/methods/optimized-hpc/cosmoflow/pytorch/optimizer.py", "lineno": 100, "instance": 0}}
:::MLLOG {"namespace": "", "time_ms": 1690384299879, "event_type": "POINT_IN_TIME", "key": "opt_learning_rate_decay_boundary_epochs", "value": [32, 64], "metadata": {"file": "/lus/grand/projects/datascience/zhaozhenghao/workspace/methods/optimized-hpc/cosmoflow/pytorch/optimizer.py", "lineno": 102, "instance": 0}}
:::MLLOG {"namespace": "", "time_ms": 1690384299880, "event_type": "POINT_IN_TIME", "key": "opt_learning_rate_decay_factor", "value": [0.25, 0.125], "metadata": {"file": "/lus/grand/projects/datascience/zhaozhenghao/workspace/methods/optimized-hpc/cosmoflow/pytorch/optimizer.py", "lineno": 104, "instance": 0}}
:::MLLOG {"namespace": "", "time_ms": 1690384303041, "event_type": "POINT_IN_TIME", "key": "global_batch_size", "value": 8, "metadata": {"file": "./main_hvd.py", "lineno": 126, "instance": 0}}
:::MLLOG {"namespace": "", "time_ms": 1690384303041, "event_type": "POINT_IN_TIME", "key": "train_samples", "value": 256, "metadata": {"file": "./main_hvd.py", "lineno": 128, "instance": 0}}
:::MLLOG {"namespace": "", "time_ms": 1690384303041, "event_type": "POINT_IN_TIME", "key": "eval_samples", "value": 256, "metadata": {"file": "./main_hvd.py", "lineno": 130, "instance": 0}}
:::MLLOG {"namespace": "", "time_ms": 1690385007994, "event_type": "POINT_IN_TIME", "key": "cache_clear", "value": null, "metadata": {"file": "./main_hvd.py", "lineno": 43, "instance": 0}}
:::MLLOG {"namespace": "", "time_ms": 1690385008263, "event_type": "INTERVAL_START", "key": "init_start", "value": null, "metadata": {"file": "./main_hvd.py", "lineno": 44, "instance": 0}}
:::MLLOG {"namespace": "", "time_ms": 1690385008263, "event_type": "POINT_IN_TIME", "key": "submission_benchmark", "value": "cosmoflow", "metadata": {"file": "./main_hvd.py", "lineno": 48, "instance": 0}}
:::MLLOG {"namespace": "", "time_ms": 1690385008263, "event_type": "POINT_IN_TIME", "key": "submission_org", "value": "NVIDIA", "metadata": {"file": "./main_hvd.py", "lineno": 50, "instance": 0}}
:::MLLOG {"namespace": "", "time_ms": 1690385008263, "event_type": "POINT_IN_TIME", "key": "submission_division", "value": "closed", "metadata": {"file": "./main_hvd.py", "lineno": 52, "instance": 0}}
:::MLLOG {"namespace": "", "time_ms": 1690385008263, "event_type": "POINT_IN_TIME", "key": "submission_status", "value": "onprem", "metadata": {"file": "./main_hvd.py", "lineno": 54, "instance": 0}}
:::MLLOG {"namespace": "", "time_ms": 1690385008263, "event_type": "POINT_IN_TIME", "key": "submission_platform", "value": "2.0xNVIDIA DGX A100", "metadata": {"file": "./main_hvd.py", "lineno": 56, "instance": 0}}
:::MLLOG {"namespace": "", "time_ms": 1690385008263, "event_type": "POINT_IN_TIME", "key": "number_of_nodes", "value": 2, "metadata": {"file": "./main_hvd.py", "lineno": 59, "instance": 0}}
:::MLLOG {"namespace": "", "time_ms": 1690385008263, "event_type": "POINT_IN_TIME", "key": "accelerators_per_node", "value": 4, "metadata": {"file": "./main_hvd.py", "lineno": 61, "instance": 0}}
:::MLLOG {"namespace": "", "time_ms": 1690385009841, "event_type": "POINT_IN_TIME", "key": "dropout", "value": 0.5, "metadata": {"file": "./main_hvd.py", "lineno": 107, "instance": 0}}
:::MLLOG {"namespace": "", "time_ms": 1690385009843, "event_type": "POINT_IN_TIME", "key": "opt_weight_decay", "value": 0, "metadata": {"file": "/lus/grand/projects/datascience/zhaozhenghao/workspace/methods/optimized-hpc/cosmoflow/pytorch/optimizer.py", "lineno": 63, "instance": 0}}
:::MLLOG {"namespace": "", "time_ms": 1690385009843, "event_type": "POINT_IN_TIME", "key": "opt_name", "value": "sgd", "metadata": {"file": "/lus/grand/projects/datascience/zhaozhenghao/workspace/methods/optimized-hpc/cosmoflow/pytorch/optimizer.py", "lineno": 65, "instance": 0}}
:::MLLOG {"namespace": "", "time_ms": 1690385009843, "event_type": "POINT_IN_TIME", "key": "opt_base_learning_rate", "value": 0.008, "metadata": {"file": "/lus/grand/projects/datascience/zhaozhenghao/workspace/methods/optimized-hpc/cosmoflow/pytorch/optimizer.py", "lineno": 96, "instance": 0}}
:::MLLOG {"namespace": "", "time_ms": 1690385009843, "event_type": "POINT_IN_TIME", "key": "opt_learning_rate_warmup_epochs", "value": 4, "metadata": {"file": "/lus/grand/projects/datascience/zhaozhenghao/workspace/methods/optimized-hpc/cosmoflow/pytorch/optimizer.py", "lineno": 98, "instance": 0}}
:::MLLOG {"namespace": "", "time_ms": 1690385009843, "event_type": "POINT_IN_TIME", "key": "opt_learning_rate_warmup_factor", "value": 8, "metadata": {"file": "/lus/grand/projects/datascience/zhaozhenghao/workspace/methods/optimized-hpc/cosmoflow/pytorch/optimizer.py", "lineno": 100, "instance": 0}}
:::MLLOG {"namespace": "", "time_ms": 1690385009844, "event_type": "POINT_IN_TIME", "key": "opt_learning_rate_decay_boundary_epochs", "value": [32, 64], "metadata": {"file": "/lus/grand/projects/datascience/zhaozhenghao/workspace/methods/optimized-hpc/cosmoflow/pytorch/optimizer.py", "lineno": 102, "instance": 0}}
:::MLLOG {"namespace": "", "time_ms": 1690385009844, "event_type": "POINT_IN_TIME", "key": "opt_learning_rate_decay_factor", "value": [0.25, 0.125], "metadata": {"file": "/lus/grand/projects/datascience/zhaozhenghao/workspace/methods/optimized-hpc/cosmoflow/pytorch/optimizer.py", "lineno": 104, "instance": 0}}
:::MLLOG {"namespace": "", "time_ms": 1690385012912, "event_type": "POINT_IN_TIME", "key": "global_batch_size", "value": 8, "metadata": {"file": "./main_hvd.py", "lineno": 126, "instance": 0}}
:::MLLOG {"namespace": "", "time_ms": 1690385012912, "event_type": "POINT_IN_TIME", "key": "train_samples", "value": 256, "metadata": {"file": "./main_hvd.py", "lineno": 128, "instance": 0}}
:::MLLOG {"namespace": "", "time_ms": 1690385012913, "event_type": "POINT_IN_TIME", "key": "eval_samples", "value": 256, "metadata": {"file": "./main_hvd.py", "lineno": 130, "instance": 0}}
:::MLLOG {"namespace": "", "time_ms": 1690385022739, "event_type": "INTERVAL_END", "key": "init_stop", "value": null, "metadata": {"file": "/lus/grand/projects/datascience/zhaozhenghao/workspace/methods/optimized-hpc/cosmoflow/pytorch/utils/utils.py", "lineno": 214, "instance": 0}}
:::MLLOG {"namespace": "", "time_ms": 1690385022740, "event_type": "INTERVAL_START", "key": "run_start", "value": null, "metadata": {"file": "./main_hvd.py", "lineno": 151, "instance": 0}}
:::MLLOG {"namespace": "", "time_ms": 1690385022740, "event_type": "INTERVAL_START", "key": "staging_start", "value": null, "metadata": {"file": "./main_hvd.py", "lineno": 153, "instance": 0}}
:::MLLOG {"namespace": "", "time_ms": 1690385026846, "event_type": "INTERVAL_END", "key": "staging_stop", "value": null, "metadata": {"file": "/lus/grand/projects/datascience/zhaozhenghao/workspace/methods/optimized-hpc/cosmoflow/pytorch/utils/utils.py", "lineno": 214, "staging_duration": 4.105792999267578, "instance": 0}}
:::MLLOG {"namespace": "", "time_ms": 1690385029986, "event_type": "INTERVAL_START", "key": "epoch_start", "value": null, "metadata": {"file": "/lus/grand/projects/datascience/zhaozhenghao/workspace/methods/optimized-hpc/cosmoflow/pytorch/trainer.py", "lineno": 183, "epoch_num": 1, "lr": [0.001], "instance": 0}}
:::MLLOG {"namespace": "", "time_ms": 1690386177131, "event_type": "POINT_IN_TIME", "key": "cache_clear", "value": null, "metadata": {"file": "./main_hvd.py", "lineno": 43, "instance": 0}}
:::MLLOG {"namespace": "", "time_ms": 1690386177382, "event_type": "INTERVAL_START", "key": "init_start", "value": null, "metadata": {"file": "./main_hvd.py", "lineno": 44, "instance": 0}}
:::MLLOG {"namespace": "", "time_ms": 1690386177382, "event_type": "POINT_IN_TIME", "key": "submission_benchmark", "value": "cosmoflow", "metadata": {"file": "./main_hvd.py", "lineno": 48, "instance": 0}}
:::MLLOG {"namespace": "", "time_ms": 1690386177382, "event_type": "POINT_IN_TIME", "key": "submission_org", "value": "NVIDIA", "metadata": {"file": "./main_hvd.py", "lineno": 50, "instance": 0}}
:::MLLOG {"namespace": "", "time_ms": 1690386177382, "event_type": "POINT_IN_TIME", "key": "submission_division", "value": "closed", "metadata": {"file": "./main_hvd.py", "lineno": 52, "instance": 0}}
:::MLLOG {"namespace": "", "time_ms": 1690386177382, "event_type": "POINT_IN_TIME", "key": "submission_status", "value": "onprem", "metadata": {"file": "./main_hvd.py", "lineno": 54, "instance": 0}}
:::MLLOG {"namespace": "", "time_ms": 1690386177382, "event_type": "POINT_IN_TIME", "key": "submission_platform", "value": "2.0xNVIDIA DGX A100", "metadata": {"file": "./main_hvd.py", "lineno": 56, "instance": 0}}
:::MLLOG {"namespace": "", "time_ms": 1690386177383, "event_type": "POINT_IN_TIME", "key": "number_of_nodes", "value": 2, "metadata": {"file": "./main_hvd.py", "lineno": 59, "instance": 0}}
:::MLLOG {"namespace": "", "time_ms": 1690386177383, "event_type": "POINT_IN_TIME", "key": "accelerators_per_node", "value": 4, "metadata": {"file": "./main_hvd.py", "lineno": 61, "instance": 0}}
:::MLLOG {"namespace": "", "time_ms": 1690386178757, "event_type": "POINT_IN_TIME", "key": "dropout", "value": 0.5, "metadata": {"file": "./main_hvd.py", "lineno": 107, "instance": 0}}
:::MLLOG {"namespace": "", "time_ms": 1690386178759, "event_type": "POINT_IN_TIME", "key": "opt_weight_decay", "value": 0, "metadata": {"file": "/lus/grand/projects/datascience/zhaozhenghao/workspace/methods/optimized-hpc/cosmoflow/pytorch/optimizer.py", "lineno": 63, "instance": 0}}
:::MLLOG {"namespace": "", "time_ms": 1690386178760, "event_type": "POINT_IN_TIME", "key": "opt_name", "value": "sgd", "metadata": {"file": "/lus/grand/projects/datascience/zhaozhenghao/workspace/methods/optimized-hpc/cosmoflow/pytorch/optimizer.py", "lineno": 65, "instance": 0}}
:::MLLOG {"namespace": "", "time_ms": 1690386178760, "event_type": "POINT_IN_TIME", "key": "opt_base_learning_rate", "value": 0.008, "metadata": {"file": "/lus/grand/projects/datascience/zhaozhenghao/workspace/methods/optimized-hpc/cosmoflow/pytorch/optimizer.py", "lineno": 96, "instance": 0}}
:::MLLOG {"namespace": "", "time_ms": 1690386178760, "event_type": "POINT_IN_TIME", "key": "opt_learning_rate_warmup_epochs", "value": 4, "metadata": {"file": "/lus/grand/projects/datascience/zhaozhenghao/workspace/methods/optimized-hpc/cosmoflow/pytorch/optimizer.py", "lineno": 98, "instance": 0}}
:::MLLOG {"namespace": "", "time_ms": 1690386178760, "event_type": "POINT_IN_TIME", "key": "opt_learning_rate_warmup_factor", "value": 8, "metadata": {"file": "/lus/grand/projects/datascience/zhaozhenghao/workspace/methods/optimized-hpc/cosmoflow/pytorch/optimizer.py", "lineno": 100, "instance": 0}}
:::MLLOG {"namespace": "", "time_ms": 1690386178760, "event_type": "POINT_IN_TIME", "key": "opt_learning_rate_decay_boundary_epochs", "value": [32, 64], "metadata": {"file": "/lus/grand/projects/datascience/zhaozhenghao/workspace/methods/optimized-hpc/cosmoflow/pytorch/optimizer.py", "lineno": 102, "instance": 0}}
:::MLLOG {"namespace": "", "time_ms": 1690386178761, "event_type": "POINT_IN_TIME", "key": "opt_learning_rate_decay_factor", "value": [0.25, 0.125], "metadata": {"file": "/lus/grand/projects/datascience/zhaozhenghao/workspace/methods/optimized-hpc/cosmoflow/pytorch/optimizer.py", "lineno": 104, "instance": 0}}
:::MLLOG {"namespace": "", "time_ms": 1690386182035, "event_type": "POINT_IN_TIME", "key": "global_batch_size", "value": 8, "metadata": {"file": "./main_hvd.py", "lineno": 126, "instance": 0}}
:::MLLOG {"namespace": "", "time_ms": 1690386182035, "event_type": "POINT_IN_TIME", "key": "train_samples", "value": 256, "metadata": {"file": "./main_hvd.py", "lineno": 128, "instance": 0}}
:::MLLOG {"namespace": "", "time_ms": 1690386182035, "event_type": "POINT_IN_TIME", "key": "eval_samples", "value": 256, "metadata": {"file": "./main_hvd.py", "lineno": 130, "instance": 0}}
:::MLLOG {"namespace": "", "time_ms": 1690386189918, "event_type": "INTERVAL_END", "key": "init_stop", "value": null, "metadata": {"file": "/lus/grand/projects/datascience/zhaozhenghao/workspace/methods/optimized-hpc/cosmoflow/pytorch/utils/utils.py", "lineno": 214, "instance": 0}}
:::MLLOG {"namespace": "", "time_ms": 1690386189919, "event_type": "INTERVAL_START", "key": "run_start", "value": null, "metadata": {"file": "./main_hvd.py", "lineno": 151, "instance": 0}}
:::MLLOG {"namespace": "", "time_ms": 1690386189919, "event_type": "INTERVAL_START", "key": "staging_start", "value": null, "metadata": {"file": "./main_hvd.py", "lineno": 153, "instance": 0}}
:::MLLOG {"namespace": "", "time_ms": 1690386194145, "event_type": "INTERVAL_END", "key": "staging_stop", "value": null, "metadata": {"file": "/lus/grand/projects/datascience/zhaozhenghao/workspace/methods/optimized-hpc/cosmoflow/pytorch/utils/utils.py", "lineno": 214, "staging_duration": 4.226189851760864, "instance": 0}}
:::MLLOG {"namespace": "", "time_ms": 1690386197103, "event_type": "INTERVAL_START", "key": "epoch_start", "value": null, "metadata": {"file": "/lus/grand/projects/datascience/zhaozhenghao/workspace/methods/optimized-hpc/cosmoflow/pytorch/trainer.py", "lineno": 183, "epoch_num": 1, "lr": [0.001], "instance": 0}}
:::MLLOG {"namespace": "", "time_ms": 1690386414241, "event_type": "POINT_IN_TIME", "key": "cache_clear", "value": null, "metadata": {"file": "./main_hvd.py", "lineno": 43, "instance": 0}}
:::MLLOG {"namespace": "", "time_ms": 1690386414491, "event_type": "INTERVAL_START", "key": "init_start", "value": null, "metadata": {"file": "./main_hvd.py", "lineno": 44, "instance": 0}}
:::MLLOG {"namespace": "", "time_ms": 1690386414491, "event_type": "POINT_IN_TIME", "key": "submission_benchmark", "value": "cosmoflow", "metadata": {"file": "./main_hvd.py", "lineno": 48, "instance": 0}}
:::MLLOG {"namespace": "", "time_ms": 1690386414491, "event_type": "POINT_IN_TIME", "key": "submission_org", "value": "NVIDIA", "metadata": {"file": "./main_hvd.py", "lineno": 50, "instance": 0}}
:::MLLOG {"namespace": "", "time_ms": 1690386414491, "event_type": "POINT_IN_TIME", "key": "submission_division", "value": "closed", "metadata": {"file": "./main_hvd.py", "lineno": 52, "instance": 0}}
:::MLLOG {"namespace": "", "time_ms": 1690386414491, "event_type": "POINT_IN_TIME", "key": "submission_status", "value": "onprem", "metadata": {"file": "./main_hvd.py", "lineno": 54, "instance": 0}}
:::MLLOG {"namespace": "", "time_ms": 1690386414492, "event_type": "POINT_IN_TIME", "key": "submission_platform", "value": "2.0xNVIDIA DGX A100", "metadata": {"file": "./main_hvd.py", "lineno": 56, "instance": 0}}
:::MLLOG {"namespace": "", "time_ms": 1690386414492, "event_type": "POINT_IN_TIME", "key": "number_of_nodes", "value": 2, "metadata": {"file": "./main_hvd.py", "lineno": 59, "instance": 0}}
:::MLLOG {"namespace": "", "time_ms": 1690386414492, "event_type": "POINT_IN_TIME", "key": "accelerators_per_node", "value": 4, "metadata": {"file": "./main_hvd.py", "lineno": 61, "instance": 0}}
:::MLLOG {"namespace": "", "time_ms": 1690386415965, "event_type": "POINT_IN_TIME", "key": "dropout", "value": 0.5, "metadata": {"file": "./main_hvd.py", "lineno": 107, "instance": 0}}
:::MLLOG {"namespace": "", "time_ms": 1690386415966, "event_type": "POINT_IN_TIME", "key": "opt_weight_decay", "value": 0, "metadata": {"file": "/lus/grand/projects/datascience/zhaozhenghao/workspace/methods/optimized-hpc/cosmoflow/pytorch/optimizer.py", "lineno": 63, "instance": 0}}
:::MLLOG {"namespace": "", "time_ms": 1690386415966, "event_type": "POINT_IN_TIME", "key": "opt_name", "value": "sgd", "metadata": {"file": "/lus/grand/projects/datascience/zhaozhenghao/workspace/methods/optimized-hpc/cosmoflow/pytorch/optimizer.py", "lineno": 65, "instance": 0}}
:::MLLOG {"namespace": "", "time_ms": 1690386415967, "event_type": "POINT_IN_TIME", "key": "opt_base_learning_rate", "value": 0.008, "metadata": {"file": "/lus/grand/projects/datascience/zhaozhenghao/workspace/methods/optimized-hpc/cosmoflow/pytorch/optimizer.py", "lineno": 96, "instance": 0}}
:::MLLOG {"namespace": "", "time_ms": 1690386415967, "event_type": "POINT_IN_TIME", "key": "opt_learning_rate_warmup_epochs", "value": 4, "metadata": {"file": "/lus/grand/projects/datascience/zhaozhenghao/workspace/methods/optimized-hpc/cosmoflow/pytorch/optimizer.py", "lineno": 98, "instance": 0}}
:::MLLOG {"namespace": "", "time_ms": 1690386415967, "event_type": "POINT_IN_TIME", "key": "opt_learning_rate_warmup_factor", "value": 8, "metadata": {"file": "/lus/grand/projects/datascience/zhaozhenghao/workspace/methods/optimized-hpc/cosmoflow/pytorch/optimizer.py", "lineno": 100, "instance": 0}}
:::MLLOG {"namespace": "", "time_ms": 1690386415967, "event_type": "POINT_IN_TIME", "key": "opt_learning_rate_decay_boundary_epochs", "value": [32, 64], "metadata": {"file": "/lus/grand/projects/datascience/zhaozhenghao/workspace/methods/optimized-hpc/cosmoflow/pytorch/optimizer.py", "lineno": 102, "instance": 0}}
:::MLLOG {"namespace": "", "time_ms": 1690386415967, "event_type": "POINT_IN_TIME", "key": "opt_learning_rate_decay_factor", "value": [0.25, 0.125], "metadata": {"file": "/lus/grand/projects/datascience/zhaozhenghao/workspace/methods/optimized-hpc/cosmoflow/pytorch/optimizer.py", "lineno": 104, "instance": 0}}
:::MLLOG {"namespace": "", "time_ms": 1690386419237, "event_type": "POINT_IN_TIME", "key": "global_batch_size", "value": 8, "metadata": {"file": "./main_hvd.py", "lineno": 126, "instance": 0}}
:::MLLOG {"namespace": "", "time_ms": 1690386419238, "event_type": "POINT_IN_TIME", "key": "train_samples", "value": 256, "metadata": {"file": "./main_hvd.py", "lineno": 128, "instance": 0}}
:::MLLOG {"namespace": "", "time_ms": 1690386419238, "event_type": "POINT_IN_TIME", "key": "eval_samples", "value": 256, "metadata": {"file": "./main_hvd.py", "lineno": 130, "instance": 0}}
:::MLLOG {"namespace": "", "time_ms": 1690386427342, "event_type": "INTERVAL_END", "key": "init_stop", "value": null, "metadata": {"file": "/lus/grand/projects/datascience/zhaozhenghao/workspace/methods/optimized-hpc/cosmoflow/pytorch/utils/utils.py", "lineno": 214, "instance": 0}}
:::MLLOG {"namespace": "", "time_ms": 1690386427343, "event_type": "INTERVAL_START", "key": "run_start", "value": null, "metadata": {"file": "./main_hvd.py", "lineno": 151, "instance": 0}}
:::MLLOG {"namespace": "", "time_ms": 1690386427343, "event_type": "INTERVAL_START", "key": "staging_start", "value": null, "metadata": {"file": "./main_hvd.py", "lineno": 153, "instance": 0}}
:::MLLOG {"namespace": "", "time_ms": 1690386431684, "event_type": "INTERVAL_END", "key": "staging_stop", "value": null, "metadata": {"file": "/lus/grand/projects/datascience/zhaozhenghao/workspace/methods/optimized-hpc/cosmoflow/pytorch/utils/utils.py", "lineno": 214, "staging_duration": 4.341188192367554, "instance": 0}}
:::MLLOG {"namespace": "", "time_ms": 1690386434775, "event_type": "INTERVAL_START", "key": "epoch_start", "value": null, "metadata": {"file": "/lus/grand/projects/datascience/zhaozhenghao/workspace/methods/optimized-hpc/cosmoflow/pytorch/trainer.py", "lineno": 183, "epoch_num": 1, "lr": [0.001], "instance": 0}}
:::MLLOG {"namespace": "", "time_ms": 1690387445002, "event_type": "POINT_IN_TIME", "key": "cache_clear", "value": null, "metadata": {"file": "./main_hvd.py", "lineno": 43, "instance": 0}}
:::MLLOG {"namespace": "", "time_ms": 1690387445289, "event_type": "INTERVAL_START", "key": "init_start", "value": null, "metadata": {"file": "./main_hvd.py", "lineno": 44, "instance": 0}}
:::MLLOG {"namespace": "", "time_ms": 1690387445289, "event_type": "POINT_IN_TIME", "key": "submission_benchmark", "value": "cosmoflow", "metadata": {"file": "./main_hvd.py", "lineno": 48, "instance": 0}}
:::MLLOG {"namespace": "", "time_ms": 1690387445289, "event_type": "POINT_IN_TIME", "key": "submission_org", "value": "NVIDIA", "metadata": {"file": "./main_hvd.py", "lineno": 50, "instance": 0}}
:::MLLOG {"namespace": "", "time_ms": 1690387445289, "event_type": "POINT_IN_TIME", "key": "submission_division", "value": "closed", "metadata": {"file": "./main_hvd.py", "lineno": 52, "instance": 0}}
:::MLLOG {"namespace": "", "time_ms": 1690387445289, "event_type": "POINT_IN_TIME", "key": "submission_status", "value": "onprem", "metadata": {"file": "./main_hvd.py", "lineno": 54, "instance": 0}}
:::MLLOG {"namespace": "", "time_ms": 1690387445289, "event_type": "POINT_IN_TIME", "key": "submission_platform", "value": "2.0xNVIDIA DGX A100", "metadata": {"file": "./main_hvd.py", "lineno": 56, "instance": 0}}
:::MLLOG {"namespace": "", "time_ms": 1690387445290, "event_type": "POINT_IN_TIME", "key": "number_of_nodes", "value": 2, "metadata": {"file": "./main_hvd.py", "lineno": 59, "instance": 0}}
:::MLLOG {"namespace": "", "time_ms": 1690387445290, "event_type": "POINT_IN_TIME", "key": "accelerators_per_node", "value": 4, "metadata": {"file": "./main_hvd.py", "lineno": 61, "instance": 0}}
:::MLLOG {"namespace": "", "time_ms": 1690387446797, "event_type": "POINT_IN_TIME", "key": "dropout", "value": 0.5, "metadata": {"file": "./main_hvd.py", "lineno": 107, "instance": 0}}
:::MLLOG {"namespace": "", "time_ms": 1690387446798, "event_type": "POINT_IN_TIME", "key": "opt_weight_decay", "value": 0, "metadata": {"file": "/lus/grand/projects/datascience/zhaozhenghao/workspace/methods/optimized-hpc/cosmoflow/pytorch/optimizer.py", "lineno": 63, "instance": 0}}
:::MLLOG {"namespace": "", "time_ms": 1690387446799, "event_type": "POINT_IN_TIME", "key": "opt_name", "value": "sgd", "metadata": {"file": "/lus/grand/projects/datascience/zhaozhenghao/workspace/methods/optimized-hpc/cosmoflow/pytorch/optimizer.py", "lineno": 65, "instance": 0}}
:::MLLOG {"namespace": "", "time_ms": 1690387446799, "event_type": "POINT_IN_TIME", "key": "opt_base_learning_rate", "value": 0.008, "metadata": {"file": "/lus/grand/projects/datascience/zhaozhenghao/workspace/methods/optimized-hpc/cosmoflow/pytorch/optimizer.py", "lineno": 96, "instance": 0}}
:::MLLOG {"namespace": "", "time_ms": 1690387446799, "event_type": "POINT_IN_TIME", "key": "opt_learning_rate_warmup_epochs", "value": 4, "metadata": {"file": "/lus/grand/projects/datascience/zhaozhenghao/workspace/methods/optimized-hpc/cosmoflow/pytorch/optimizer.py", "lineno": 98, "instance": 0}}
:::MLLOG {"namespace": "", "time_ms": 1690387446799, "event_type": "POINT_IN_TIME", "key": "opt_learning_rate_warmup_factor", "value": 8, "metadata": {"file": "/lus/grand/projects/datascience/zhaozhenghao/workspace/methods/optimized-hpc/cosmoflow/pytorch/optimizer.py", "lineno": 100, "instance": 0}}
:::MLLOG {"namespace": "", "time_ms": 1690387446799, "event_type": "POINT_IN_TIME", "key": "opt_learning_rate_decay_boundary_epochs", "value": [32, 64], "metadata": {"file": "/lus/grand/projects/datascience/zhaozhenghao/workspace/methods/optimized-hpc/cosmoflow/pytorch/optimizer.py", "lineno": 102, "instance": 0}}
:::MLLOG {"namespace": "", "time_ms": 1690387446799, "event_type": "POINT_IN_TIME", "key": "opt_learning_rate_decay_factor", "value": [0.25, 0.125], "metadata": {"file": "/lus/grand/projects/datascience/zhaozhenghao/workspace/methods/optimized-hpc/cosmoflow/pytorch/optimizer.py", "lineno": 104, "instance": 0}}
:::MLLOG {"namespace": "", "time_ms": 1690387450071, "event_type": "POINT_IN_TIME", "key": "global_batch_size", "value": 8, "metadata": {"file": "./main_hvd.py", "lineno": 126, "instance": 0}}
:::MLLOG {"namespace": "", "time_ms": 1690387450071, "event_type": "POINT_IN_TIME", "key": "train_samples", "value": 256, "metadata": {"file": "./main_hvd.py", "lineno": 128, "instance": 0}}
:::MLLOG {"namespace": "", "time_ms": 1690387450071, "event_type": "POINT_IN_TIME", "key": "eval_samples", "value": 256, "metadata": {"file": "./main_hvd.py", "lineno": 130, "instance": 0}}
:::MLLOG {"namespace": "", "time_ms": 1690387458178, "event_type": "INTERVAL_END", "key": "init_stop", "value": null, "metadata": {"file": "/lus/grand/projects/datascience/zhaozhenghao/workspace/methods/optimized-hpc/cosmoflow/pytorch/utils/utils.py", "lineno": 214, "instance": 0}}
:::MLLOG {"namespace": "", "time_ms": 1690387458179, "event_type": "INTERVAL_START", "key": "run_start", "value": null, "metadata": {"file": "./main_hvd.py", "lineno": 151, "instance": 0}}
:::MLLOG {"namespace": "", "time_ms": 1690387458179, "event_type": "INTERVAL_START", "key": "staging_start", "value": null, "metadata": {"file": "./main_hvd.py", "lineno": 153, "instance": 0}}
:::MLLOG {"namespace": "", "time_ms": 1690387462534, "event_type": "INTERVAL_END", "key": "staging_stop", "value": null, "metadata": {"file": "/lus/grand/projects/datascience/zhaozhenghao/workspace/methods/optimized-hpc/cosmoflow/pytorch/utils/utils.py", "lineno": 214, "staging_duration": 4.355492353439331, "instance": 0}}
:::MLLOG {"namespace": "", "time_ms": 1690387465582, "event_type": "INTERVAL_START", "key": "epoch_start", "value": null, "metadata": {"file": "/lus/grand/projects/datascience/zhaozhenghao/workspace/methods/optimized-hpc/cosmoflow/pytorch/trainer.py", "lineno": 222, "epoch_num": 1, "lr": [0.001], "instance": 0}}
:::MLLOG {"namespace": "", "time_ms": 1690387467888, "event_type": "INTERVAL_START", "key": "eval_start", "value": null, "metadata": {"file": "/lus/grand/projects/datascience/zhaozhenghao/workspace/methods/optimized-hpc/cosmoflow/pytorch/trainer.py", "lineno": 229, "epoch_num": 1, "instance": 0}}
