:::MLLOG {"namespace": "", "time_ms": 1690490932861, "event_type": "POINT_IN_TIME", "key": "cache_clear", "value": null, "metadata": {"file": "./main.py", "lineno": 43, "instance": 0}}
:::MLLOG {"namespace": "", "time_ms": 1690490932956, "event_type": "INTERVAL_START", "key": "init_start", "value": null, "metadata": {"file": "./main.py", "lineno": 44, "instance": 0}}
:::MLLOG {"namespace": "", "time_ms": 1690490932956, "event_type": "POINT_IN_TIME", "key": "submission_benchmark", "value": "cosmoflow", "metadata": {"file": "./main.py", "lineno": 48, "instance": 0}}
:::MLLOG {"namespace": "", "time_ms": 1690490932956, "event_type": "POINT_IN_TIME", "key": "submission_org", "value": "NVIDIA", "metadata": {"file": "./main.py", "lineno": 50, "instance": 0}}
:::MLLOG {"namespace": "", "time_ms": 1690490932956, "event_type": "POINT_IN_TIME", "key": "submission_division", "value": "closed", "metadata": {"file": "./main.py", "lineno": 52, "instance": 0}}
:::MLLOG {"namespace": "", "time_ms": 1690490932956, "event_type": "POINT_IN_TIME", "key": "submission_status", "value": "onprem", "metadata": {"file": "./main.py", "lineno": 54, "instance": 0}}
:::MLLOG {"namespace": "", "time_ms": 1690490932956, "event_type": "POINT_IN_TIME", "key": "submission_platform", "value": "2.0xNVIDIA DGX A100", "metadata": {"file": "./main.py", "lineno": 56, "instance": 0}}
:::MLLOG {"namespace": "", "time_ms": 1690490932957, "event_type": "POINT_IN_TIME", "key": "number_of_nodes", "value": 2, "metadata": {"file": "./main.py", "lineno": 59, "instance": 0}}
:::MLLOG {"namespace": "", "time_ms": 1690490932957, "event_type": "POINT_IN_TIME", "key": "accelerators_per_node", "value": 4, "metadata": {"file": "./main.py", "lineno": 61, "instance": 0}}
:::MLLOG {"namespace": "", "time_ms": 1690490934268, "event_type": "POINT_IN_TIME", "key": "dropout", "value": 0.5, "metadata": {"file": "./main.py", "lineno": 107, "instance": 0}}
:::MLLOG {"namespace": "", "time_ms": 1690490935100, "event_type": "POINT_IN_TIME", "key": "opt_weight_decay", "value": 0, "metadata": {"file": "/lus/grand/projects/datascience/zhaozhenghao/workspace/methods/optimized-hpc/cosmoflow/pytorch/optimizer.py", "lineno": 63, "instance": 0}}
:::MLLOG {"namespace": "", "time_ms": 1690490935101, "event_type": "POINT_IN_TIME", "key": "opt_name", "value": "sgd", "metadata": {"file": "/lus/grand/projects/datascience/zhaozhenghao/workspace/methods/optimized-hpc/cosmoflow/pytorch/optimizer.py", "lineno": 65, "instance": 0}}
:::MLLOG {"namespace": "", "time_ms": 1690490935101, "event_type": "POINT_IN_TIME", "key": "opt_base_learning_rate", "value": 0.008, "metadata": {"file": "/lus/grand/projects/datascience/zhaozhenghao/workspace/methods/optimized-hpc/cosmoflow/pytorch/optimizer.py", "lineno": 96, "instance": 0}}
:::MLLOG {"namespace": "", "time_ms": 1690490935101, "event_type": "POINT_IN_TIME", "key": "opt_learning_rate_warmup_epochs", "value": 4, "metadata": {"file": "/lus/grand/projects/datascience/zhaozhenghao/workspace/methods/optimized-hpc/cosmoflow/pytorch/optimizer.py", "lineno": 98, "instance": 0}}
:::MLLOG {"namespace": "", "time_ms": 1690490935101, "event_type": "POINT_IN_TIME", "key": "opt_learning_rate_warmup_factor", "value": 8, "metadata": {"file": "/lus/grand/projects/datascience/zhaozhenghao/workspace/methods/optimized-hpc/cosmoflow/pytorch/optimizer.py", "lineno": 100, "instance": 0}}
:::MLLOG {"namespace": "", "time_ms": 1690490935101, "event_type": "POINT_IN_TIME", "key": "opt_learning_rate_decay_boundary_epochs", "value": [32, 64], "metadata": {"file": "/lus/grand/projects/datascience/zhaozhenghao/workspace/methods/optimized-hpc/cosmoflow/pytorch/optimizer.py", "lineno": 102, "instance": 0}}
:::MLLOG {"namespace": "", "time_ms": 1690490935101, "event_type": "POINT_IN_TIME", "key": "opt_learning_rate_decay_factor", "value": [0.25, 0.125], "metadata": {"file": "/lus/grand/projects/datascience/zhaozhenghao/workspace/methods/optimized-hpc/cosmoflow/pytorch/optimizer.py", "lineno": 104, "instance": 0}}
:::MLLOG {"namespace": "", "time_ms": 1690490935102, "event_type": "POINT_IN_TIME", "key": "global_batch_size", "value": 8, "metadata": {"file": "./main.py", "lineno": 120, "instance": 0}}
:::MLLOG {"namespace": "", "time_ms": 1690490935102, "event_type": "POINT_IN_TIME", "key": "train_samples", "value": 256, "metadata": {"file": "./main.py", "lineno": 122, "instance": 0}}
:::MLLOG {"namespace": "", "time_ms": 1690490935102, "event_type": "POINT_IN_TIME", "key": "eval_samples", "value": 256, "metadata": {"file": "./main.py", "lineno": 124, "instance": 0}}
:::MLLOG {"namespace": "", "time_ms": 1690490940309, "event_type": "INTERVAL_END", "key": "init_stop", "value": null, "metadata": {"file": "/lus/grand/projects/datascience/zhaozhenghao/workspace/methods/optimized-hpc/cosmoflow/pytorch/utils/utils.py", "lineno": 229, "instance": 0}}
:::MLLOG {"namespace": "", "time_ms": 1690490940311, "event_type": "INTERVAL_START", "key": "run_start", "value": null, "metadata": {"file": "./main.py", "lineno": 144, "instance": 0}}
:::MLLOG {"namespace": "", "time_ms": 1690490940311, "event_type": "INTERVAL_START", "key": "staging_start", "value": null, "metadata": {"file": "./main.py", "lineno": 146, "instance": 0}}
:::MLLOG {"namespace": "", "time_ms": 1690490940311, "event_type": "INTERVAL_START", "key": "staing train data", "value": null, "metadata": {"file": "./main.py", "lineno": 150, "instance": 0}}
:::MLLOG {"namespace": "", "time_ms": 1690490940324, "event_type": "INTERVAL_START", "key": "staing val data", "value": null, "metadata": {"file": "./main.py", "lineno": 153, "instance": 0}}
:::MLLOG {"namespace": "", "time_ms": 1690490940325, "event_type": "INTERVAL_START", "key": "problem in executor", "value": null, "metadata": {"file": "./main.py", "lineno": 158, "instance": 0}}
:::MLLOG {"namespace": "", "time_ms": 1690490944282, "event_type": "INTERVAL_START", "key": "problem not in executor", "value": null, "metadata": {"file": "./main.py", "lineno": 159, "instance": 0}}
:::MLLOG {"namespace": "", "time_ms": 1690490944312, "event_type": "INTERVAL_END", "key": "staging_stop", "value": null, "metadata": {"file": "/lus/grand/projects/datascience/zhaozhenghao/workspace/methods/optimized-hpc/cosmoflow/pytorch/utils/utils.py", "lineno": 229, "staging_duration": 4.00096583366394, "instance": 0}}
:::MLLOG {"namespace": "", "time_ms": 1690490947065, "event_type": "INTERVAL_START", "key": "Start training", "value": null, "metadata": {"file": "./main.py", "lineno": 167, "instance": 0}}
:::MLLOG {"namespace": "", "time_ms": 1690490947066, "event_type": "INTERVAL_START", "key": "epoch_start", "value": null, "metadata": {"file": "/lus/grand/projects/datascience/zhaozhenghao/workspace/methods/optimized-hpc/cosmoflow/pytorch/trainer.py", "lineno": 228, "epoch_num": 1, "lr": [0.001], "instance": 0}}
:::MLLOG {"namespace": "", "time_ms": 1690490948877, "event_type": "INTERVAL_START", "key": "eval_start", "value": null, "metadata": {"file": "/lus/grand/projects/datascience/zhaozhenghao/workspace/methods/optimized-hpc/cosmoflow/pytorch/trainer.py", "lineno": 235, "epoch_num": 1, "instance": 0}}
:::MLLOG {"namespace": "", "time_ms": 1690490949231, "event_type": "INTERVAL_START", "key": "eval_stop", "value": null, "metadata": {"file": "/lus/grand/projects/datascience/zhaozhenghao/workspace/methods/optimized-hpc/cosmoflow/pytorch/trainer.py", "lineno": 239, "epoch_num": 1, "instance": 0}}
:::MLLOG {"namespace": "", "time_ms": 1690490949232, "event_type": "INTERVAL_END", "key": "epoch_stop", "value": null, "metadata": {"file": "/lus/grand/projects/datascience/zhaozhenghao/workspace/methods/optimized-hpc/cosmoflow/pytorch/utils/utils.py", "lineno": 229, "epoch_num": 1, "training_epoch_latency": 1791.6539306640625, "eval_epoch_latency": 354.4358215332031, "instance": 0}}
:::MLLOG {"namespace": "", "time_ms": 1690490949232, "event_type": "POINT_IN_TIME", "key": "tracked_stats", "value": {"throughput": 142.88473662160618}, "metadata": {"file": "/lus/grand/projects/datascience/zhaozhenghao/workspace/methods/optimized-hpc/cosmoflow/pytorch/trainer.py", "lineno": 253, "epoch_num": 1, "step": 0, "instance": 0}}
:::MLLOG {"namespace": "", "time_ms": 1690490949232, "event_type": "POINT_IN_TIME", "key": "eval_error", "value": NaN, "metadata": {"file": "/lus/grand/projects/datascience/zhaozhenghao/workspace/methods/optimized-hpc/cosmoflow/pytorch/trainer.py", "lineno": 258, "epoch_num": 1, "instance": 0}}
:::MLLOG {"namespace": "", "time_ms": 1690490949232, "event_type": "POINT_IN_TIME", "key": "epoch_time", "value": {"training_time": 1791.6539306640625, "eval_time": 354.4358215332031}, "metadata": {"file": "/lus/grand/projects/datascience/zhaozhenghao/workspace/methods/optimized-hpc/cosmoflow/pytorch/trainer.py", "lineno": 261, "epoch_num": 1, "instance": 0}}
:::MLLOG {"namespace": "", "time_ms": 1690490949232, "event_type": "INTERVAL_START", "key": "epoch_start", "value": null, "metadata": {"file": "/lus/grand/projects/datascience/zhaozhenghao/workspace/methods/optimized-hpc/cosmoflow/pytorch/trainer.py", "lineno": 228, "epoch_num": 2, "lr": [0.00275], "instance": 0}}
:::MLLOG {"namespace": "", "time_ms": 1690490959186, "event_type": "POINT_IN_TIME", "key": "cache_clear", "value": null, "metadata": {"file": "./main.py", "lineno": 43, "instance": 0}}
:::MLLOG {"namespace": "", "time_ms": 1690490959281, "event_type": "INTERVAL_START", "key": "init_start", "value": null, "metadata": {"file": "./main.py", "lineno": 44, "instance": 0}}
:::MLLOG {"namespace": "", "time_ms": 1690490959281, "event_type": "POINT_IN_TIME", "key": "submission_benchmark", "value": "cosmoflow", "metadata": {"file": "./main.py", "lineno": 48, "instance": 0}}
:::MLLOG {"namespace": "", "time_ms": 1690490959281, "event_type": "POINT_IN_TIME", "key": "submission_org", "value": "NVIDIA", "metadata": {"file": "./main.py", "lineno": 50, "instance": 0}}
:::MLLOG {"namespace": "", "time_ms": 1690490959281, "event_type": "POINT_IN_TIME", "key": "submission_division", "value": "closed", "metadata": {"file": "./main.py", "lineno": 52, "instance": 0}}
:::MLLOG {"namespace": "", "time_ms": 1690490959281, "event_type": "POINT_IN_TIME", "key": "submission_status", "value": "onprem", "metadata": {"file": "./main.py", "lineno": 54, "instance": 0}}
:::MLLOG {"namespace": "", "time_ms": 1690490959282, "event_type": "POINT_IN_TIME", "key": "submission_platform", "value": "2.0xNVIDIA DGX A100", "metadata": {"file": "./main.py", "lineno": 56, "instance": 0}}
:::MLLOG {"namespace": "", "time_ms": 1690490959282, "event_type": "POINT_IN_TIME", "key": "number_of_nodes", "value": 2, "metadata": {"file": "./main.py", "lineno": 59, "instance": 0}}
:::MLLOG {"namespace": "", "time_ms": 1690490959282, "event_type": "POINT_IN_TIME", "key": "accelerators_per_node", "value": 4, "metadata": {"file": "./main.py", "lineno": 61, "instance": 0}}
:::MLLOG {"namespace": "", "time_ms": 1690490964221, "event_type": "POINT_IN_TIME", "key": "dropout", "value": 0.5, "metadata": {"file": "./main.py", "lineno": 107, "instance": 0}}
:::MLLOG {"namespace": "", "time_ms": 1690490965015, "event_type": "POINT_IN_TIME", "key": "opt_weight_decay", "value": 0, "metadata": {"file": "/lus/grand/projects/datascience/zhaozhenghao/workspace/methods/optimized-hpc/cosmoflow/pytorch/optimizer.py", "lineno": 63, "instance": 0}}
:::MLLOG {"namespace": "", "time_ms": 1690490965015, "event_type": "POINT_IN_TIME", "key": "opt_name", "value": "sgd", "metadata": {"file": "/lus/grand/projects/datascience/zhaozhenghao/workspace/methods/optimized-hpc/cosmoflow/pytorch/optimizer.py", "lineno": 65, "instance": 0}}
:::MLLOG {"namespace": "", "time_ms": 1690490965015, "event_type": "POINT_IN_TIME", "key": "opt_base_learning_rate", "value": 0.008, "metadata": {"file": "/lus/grand/projects/datascience/zhaozhenghao/workspace/methods/optimized-hpc/cosmoflow/pytorch/optimizer.py", "lineno": 96, "instance": 0}}
:::MLLOG {"namespace": "", "time_ms": 1690490965016, "event_type": "POINT_IN_TIME", "key": "opt_learning_rate_warmup_epochs", "value": 4, "metadata": {"file": "/lus/grand/projects/datascience/zhaozhenghao/workspace/methods/optimized-hpc/cosmoflow/pytorch/optimizer.py", "lineno": 98, "instance": 0}}
:::MLLOG {"namespace": "", "time_ms": 1690490965016, "event_type": "POINT_IN_TIME", "key": "opt_learning_rate_warmup_factor", "value": 8, "metadata": {"file": "/lus/grand/projects/datascience/zhaozhenghao/workspace/methods/optimized-hpc/cosmoflow/pytorch/optimizer.py", "lineno": 100, "instance": 0}}
:::MLLOG {"namespace": "", "time_ms": 1690490965016, "event_type": "POINT_IN_TIME", "key": "opt_learning_rate_decay_boundary_epochs", "value": [32, 64], "metadata": {"file": "/lus/grand/projects/datascience/zhaozhenghao/workspace/methods/optimized-hpc/cosmoflow/pytorch/optimizer.py", "lineno": 102, "instance": 0}}
:::MLLOG {"namespace": "", "time_ms": 1690490965016, "event_type": "POINT_IN_TIME", "key": "opt_learning_rate_decay_factor", "value": [0.25, 0.125], "metadata": {"file": "/lus/grand/projects/datascience/zhaozhenghao/workspace/methods/optimized-hpc/cosmoflow/pytorch/optimizer.py", "lineno": 104, "instance": 0}}
:::MLLOG {"namespace": "", "time_ms": 1690490965016, "event_type": "POINT_IN_TIME", "key": "global_batch_size", "value": 8, "metadata": {"file": "./main.py", "lineno": 120, "instance": 0}}
:::MLLOG {"namespace": "", "time_ms": 1690490965016, "event_type": "POINT_IN_TIME", "key": "train_samples", "value": 524288, "metadata": {"file": "./main.py", "lineno": 122, "instance": 0}}
:::MLLOG {"namespace": "", "time_ms": 1690490965016, "event_type": "POINT_IN_TIME", "key": "eval_samples", "value": 65536, "metadata": {"file": "./main.py", "lineno": 124, "instance": 0}}
:::MLLOG {"namespace": "", "time_ms": 1690490969566, "event_type": "INTERVAL_END", "key": "init_stop", "value": null, "metadata": {"file": "/lus/grand/projects/datascience/zhaozhenghao/workspace/methods/optimized-hpc/cosmoflow/pytorch/utils/utils.py", "lineno": 229, "instance": 0}}
:::MLLOG {"namespace": "", "time_ms": 1690490969567, "event_type": "INTERVAL_START", "key": "run_start", "value": null, "metadata": {"file": "./main.py", "lineno": 144, "instance": 0}}
:::MLLOG {"namespace": "", "time_ms": 1690490969567, "event_type": "INTERVAL_START", "key": "staging_start", "value": null, "metadata": {"file": "./main.py", "lineno": 146, "instance": 0}}
:::MLLOG {"namespace": "", "time_ms": 1690490969567, "event_type": "INTERVAL_START", "key": "staing train data", "value": null, "metadata": {"file": "./main.py", "lineno": 150, "instance": 0}}
:::MLLOG {"namespace": "", "time_ms": 1690491003152, "event_type": "INTERVAL_START", "key": "staing val data", "value": null, "metadata": {"file": "./main.py", "lineno": 153, "instance": 0}}
:::MLLOG {"namespace": "", "time_ms": 1690491007681, "event_type": "INTERVAL_START", "key": "problem in executor", "value": null, "metadata": {"file": "./main.py", "lineno": 158, "instance": 0}}
