:::MLLOG {"namespace": "", "time_ms": 1691078327890, "event_type": "POINT_IN_TIME", "key": "cache_clear", "value": null, "metadata": {"file": "./main.py", "lineno": 43, "instance": 0}}
:::MLLOG {"namespace": "", "time_ms": 1691078327984, "event_type": "INTERVAL_START", "key": "init_start", "value": null, "metadata": {"file": "./main.py", "lineno": 44, "instance": 0}}
:::MLLOG {"namespace": "", "time_ms": 1691078327985, "event_type": "POINT_IN_TIME", "key": "submission_benchmark", "value": "cosmoflow", "metadata": {"file": "./main.py", "lineno": 48, "instance": 0}}
:::MLLOG {"namespace": "", "time_ms": 1691078327985, "event_type": "POINT_IN_TIME", "key": "submission_org", "value": "NVIDIA", "metadata": {"file": "./main.py", "lineno": 50, "instance": 0}}
:::MLLOG {"namespace": "", "time_ms": 1691078327985, "event_type": "POINT_IN_TIME", "key": "submission_division", "value": "closed", "metadata": {"file": "./main.py", "lineno": 52, "instance": 0}}
:::MLLOG {"namespace": "", "time_ms": 1691078327985, "event_type": "POINT_IN_TIME", "key": "submission_status", "value": "onprem", "metadata": {"file": "./main.py", "lineno": 54, "instance": 0}}
:::MLLOG {"namespace": "", "time_ms": 1691078327985, "event_type": "POINT_IN_TIME", "key": "submission_platform", "value": "2.0xNVIDIA DGX A100", "metadata": {"file": "./main.py", "lineno": 56, "instance": 0}}
:::MLLOG {"namespace": "", "time_ms": 1691078327985, "event_type": "POINT_IN_TIME", "key": "number_of_nodes", "value": 2, "metadata": {"file": "./main.py", "lineno": 59, "instance": 0}}
:::MLLOG {"namespace": "", "time_ms": 1691078327985, "event_type": "POINT_IN_TIME", "key": "accelerators_per_node", "value": 4, "metadata": {"file": "./main.py", "lineno": 61, "instance": 0}}
:::MLLOG {"namespace": "", "time_ms": 1691078329265, "event_type": "POINT_IN_TIME", "key": "dropout", "value": 0.5, "metadata": {"file": "./main.py", "lineno": 107, "instance": 0}}
:::MLLOG {"namespace": "", "time_ms": 1691078330040, "event_type": "POINT_IN_TIME", "key": "opt_weight_decay", "value": 0, "metadata": {"file": "/lus/grand/projects/datascience/zhaozhenghao/workspace/methods/optimized-hpc/cosmoflow/pytorch/optimizer.py", "lineno": 63, "instance": 0}}
:::MLLOG {"namespace": "", "time_ms": 1691078330040, "event_type": "POINT_IN_TIME", "key": "opt_name", "value": "sgd", "metadata": {"file": "/lus/grand/projects/datascience/zhaozhenghao/workspace/methods/optimized-hpc/cosmoflow/pytorch/optimizer.py", "lineno": 65, "instance": 0}}
:::MLLOG {"namespace": "", "time_ms": 1691078330041, "event_type": "POINT_IN_TIME", "key": "opt_base_learning_rate", "value": 0.008, "metadata": {"file": "/lus/grand/projects/datascience/zhaozhenghao/workspace/methods/optimized-hpc/cosmoflow/pytorch/optimizer.py", "lineno": 96, "instance": 0}}
:::MLLOG {"namespace": "", "time_ms": 1691078330041, "event_type": "POINT_IN_TIME", "key": "opt_learning_rate_warmup_epochs", "value": 4, "metadata": {"file": "/lus/grand/projects/datascience/zhaozhenghao/workspace/methods/optimized-hpc/cosmoflow/pytorch/optimizer.py", "lineno": 98, "instance": 0}}
:::MLLOG {"namespace": "", "time_ms": 1691078330041, "event_type": "POINT_IN_TIME", "key": "opt_learning_rate_warmup_factor", "value": 8, "metadata": {"file": "/lus/grand/projects/datascience/zhaozhenghao/workspace/methods/optimized-hpc/cosmoflow/pytorch/optimizer.py", "lineno": 100, "instance": 0}}
:::MLLOG {"namespace": "", "time_ms": 1691078330041, "event_type": "POINT_IN_TIME", "key": "opt_learning_rate_decay_boundary_epochs", "value": [32, 64], "metadata": {"file": "/lus/grand/projects/datascience/zhaozhenghao/workspace/methods/optimized-hpc/cosmoflow/pytorch/optimizer.py", "lineno": 102, "instance": 0}}
:::MLLOG {"namespace": "", "time_ms": 1691078330041, "event_type": "POINT_IN_TIME", "key": "opt_learning_rate_decay_factor", "value": [0.25, 0.125], "metadata": {"file": "/lus/grand/projects/datascience/zhaozhenghao/workspace/methods/optimized-hpc/cosmoflow/pytorch/optimizer.py", "lineno": 104, "instance": 0}}
:::MLLOG {"namespace": "", "time_ms": 1691078330042, "event_type": "POINT_IN_TIME", "key": "global_batch_size", "value": 8, "metadata": {"file": "./main.py", "lineno": 120, "instance": 0}}
:::MLLOG {"namespace": "", "time_ms": 1691078330042, "event_type": "POINT_IN_TIME", "key": "train_samples", "value": 2560, "metadata": {"file": "./main.py", "lineno": 122, "instance": 0}}
:::MLLOG {"namespace": "", "time_ms": 1691078330042, "event_type": "POINT_IN_TIME", "key": "eval_samples", "value": 2560, "metadata": {"file": "./main.py", "lineno": 124, "instance": 0}}
:::MLLOG {"namespace": "", "time_ms": 1691078335312, "event_type": "INTERVAL_END", "key": "init_stop", "value": null, "metadata": {"file": "/lus/grand/projects/datascience/zhaozhenghao/workspace/methods/optimized-hpc/cosmoflow/pytorch/utils/utils.py", "lineno": 229, "instance": 0}}
:::MLLOG {"namespace": "", "time_ms": 1691078335312, "event_type": "INTERVAL_START", "key": "run_start", "value": null, "metadata": {"file": "./main.py", "lineno": 144, "instance": 0}}
:::MLLOG {"namespace": "", "time_ms": 1691078335312, "event_type": "INTERVAL_START", "key": "staging_start", "value": null, "metadata": {"file": "./main.py", "lineno": 146, "instance": 0}}
:::MLLOG {"namespace": "", "time_ms": 1691078335312, "event_type": "INTERVAL_START", "key": "staing train data", "value": null, "metadata": {"file": "./main.py", "lineno": 150, "instance": 0}}
:::MLLOG {"namespace": "", "time_ms": 1691078335326, "event_type": "INTERVAL_START", "key": "staing val data", "value": null, "metadata": {"file": "./main.py", "lineno": 153, "instance": 0}}
:::MLLOG {"namespace": "", "time_ms": 1691078335331, "event_type": "INTERVAL_START", "key": "problem in executor", "value": null, "metadata": {"file": "./main.py", "lineno": 158, "instance": 0}}
:::MLLOG {"namespace": "", "time_ms": 1691078373504, "event_type": "INTERVAL_START", "key": "problem not in executor", "value": null, "metadata": {"file": "./main.py", "lineno": 159, "instance": 0}}
:::MLLOG {"namespace": "", "time_ms": 1691078373615, "event_type": "INTERVAL_END", "key": "staging_stop", "value": null, "metadata": {"file": "/lus/grand/projects/datascience/zhaozhenghao/workspace/methods/optimized-hpc/cosmoflow/pytorch/utils/utils.py", "lineno": 229, "staging_duration": 38.30220103263855, "instance": 0}}
:::MLLOG {"namespace": "", "time_ms": 1691078376454, "event_type": "INTERVAL_START", "key": "Start training", "value": null, "metadata": {"file": "./main.py", "lineno": 167, "instance": 0}}
:::MLLOG {"namespace": "", "time_ms": 1691078376455, "event_type": "INTERVAL_START", "key": "epoch_start", "value": null, "metadata": {"file": "/lus/grand/projects/datascience/zhaozhenghao/workspace/methods/optimized-hpc/cosmoflow/pytorch/trainer.py", "lineno": 228, "epoch_num": 1, "lr": [0.001], "instance": 0}}
:::MLLOG {"namespace": "", "time_ms": 1691078389609, "event_type": "INTERVAL_START", "key": "eval_start", "value": null, "metadata": {"file": "/lus/grand/projects/datascience/zhaozhenghao/workspace/methods/optimized-hpc/cosmoflow/pytorch/trainer.py", "lineno": 235, "epoch_num": 1, "instance": 0}}
:::MLLOG {"namespace": "", "time_ms": 1691078393943, "event_type": "INTERVAL_START", "key": "eval_stop", "value": null, "metadata": {"file": "/lus/grand/projects/datascience/zhaozhenghao/workspace/methods/optimized-hpc/cosmoflow/pytorch/trainer.py", "lineno": 239, "epoch_num": 1, "instance": 0}}
:::MLLOG {"namespace": "", "time_ms": 1691078393944, "event_type": "INTERVAL_END", "key": "epoch_stop", "value": null, "metadata": {"file": "/lus/grand/projects/datascience/zhaozhenghao/workspace/methods/optimized-hpc/cosmoflow/pytorch/utils/utils.py", "lineno": 229, "epoch_num": 1, "training_epoch_latency": 12955.580078125, "eval_epoch_latency": 4333.984375, "instance": 0}}
:::MLLOG {"namespace": "", "time_ms": 1691078393944, "event_type": "POINT_IN_TIME", "key": "tracked_stats", "value": {"throughput": 197.5982537688499}, "metadata": {"file": "/lus/grand/projects/datascience/zhaozhenghao/workspace/methods/optimized-hpc/cosmoflow/pytorch/trainer.py", "lineno": 253, "epoch_num": 1, "step": 0, "instance": 0}}
:::MLLOG {"namespace": "", "time_ms": 1691078393944, "event_type": "POINT_IN_TIME", "key": "eval_error", "value": 0.42778515815734863, "metadata": {"file": "/lus/grand/projects/datascience/zhaozhenghao/workspace/methods/optimized-hpc/cosmoflow/pytorch/trainer.py", "lineno": 258, "epoch_num": 1, "instance": 0}}
:::MLLOG {"namespace": "", "time_ms": 1691078393944, "event_type": "POINT_IN_TIME", "key": "epoch_time", "value": {"training_time": 12955.580078125, "eval_time": 4333.984375}, "metadata": {"file": "/lus/grand/projects/datascience/zhaozhenghao/workspace/methods/optimized-hpc/cosmoflow/pytorch/trainer.py", "lineno": 261, "epoch_num": 1, "instance": 0}}
:::MLLOG {"namespace": "", "time_ms": 1691078393944, "event_type": "INTERVAL_START", "key": "epoch_start", "value": null, "metadata": {"file": "/lus/grand/projects/datascience/zhaozhenghao/workspace/methods/optimized-hpc/cosmoflow/pytorch/trainer.py", "lineno": 228, "epoch_num": 2, "lr": [0.00275], "instance": 0}}
:::MLLOG {"namespace": "", "time_ms": 1691078406281, "event_type": "INTERVAL_START", "key": "eval_start", "value": null, "metadata": {"file": "/lus/grand/projects/datascience/zhaozhenghao/workspace/methods/optimized-hpc/cosmoflow/pytorch/trainer.py", "lineno": 235, "epoch_num": 2, "instance": 0}}
:::MLLOG {"namespace": "", "time_ms": 1691078410727, "event_type": "INTERVAL_START", "key": "eval_stop", "value": null, "metadata": {"file": "/lus/grand/projects/datascience/zhaozhenghao/workspace/methods/optimized-hpc/cosmoflow/pytorch/trainer.py", "lineno": 239, "epoch_num": 2, "instance": 0}}
:::MLLOG {"namespace": "", "time_ms": 1691078410727, "event_type": "INTERVAL_END", "key": "epoch_stop", "value": null, "metadata": {"file": "/lus/grand/projects/datascience/zhaozhenghao/workspace/methods/optimized-hpc/cosmoflow/pytorch/utils/utils.py", "lineno": 229, "epoch_num": 2, "training_epoch_latency": 12336.412109375, "eval_epoch_latency": 4445.90673828125, "instance": 0}}
:::MLLOG {"namespace": "", "time_ms": 1691078410728, "event_type": "POINT_IN_TIME", "key": "tracked_stats", "value": {"throughput": 217.89155357069066}, "metadata": {"file": "/lus/grand/projects/datascience/zhaozhenghao/workspace/methods/optimized-hpc/cosmoflow/pytorch/trainer.py", "lineno": 253, "epoch_num": 2, "step": 1, "instance": 0}}
:::MLLOG {"namespace": "", "time_ms": 1691078410728, "event_type": "POINT_IN_TIME", "key": "eval_error", "value": 0.4203474819660187, "metadata": {"file": "/lus/grand/projects/datascience/zhaozhenghao/workspace/methods/optimized-hpc/cosmoflow/pytorch/trainer.py", "lineno": 258, "epoch_num": 2, "instance": 0}}
:::MLLOG {"namespace": "", "time_ms": 1691078410728, "event_type": "POINT_IN_TIME", "key": "epoch_time", "value": {"training_time": 12336.412109375, "eval_time": 4445.90673828125}, "metadata": {"file": "/lus/grand/projects/datascience/zhaozhenghao/workspace/methods/optimized-hpc/cosmoflow/pytorch/trainer.py", "lineno": 261, "epoch_num": 2, "instance": 0}}
:::MLLOG {"namespace": "", "time_ms": 1691078410728, "event_type": "INTERVAL_START", "key": "epoch_start", "value": null, "metadata": {"file": "/lus/grand/projects/datascience/zhaozhenghao/workspace/methods/optimized-hpc/cosmoflow/pytorch/trainer.py", "lineno": 228, "epoch_num": 3, "lr": [0.0045000000000000005], "instance": 0}}
:::MLLOG {"namespace": "", "time_ms": 1691078423069, "event_type": "INTERVAL_START", "key": "eval_start", "value": null, "metadata": {"file": "/lus/grand/projects/datascience/zhaozhenghao/workspace/methods/optimized-hpc/cosmoflow/pytorch/trainer.py", "lineno": 235, "epoch_num": 3, "instance": 0}}
:::MLLOG {"namespace": "", "time_ms": 1691078427551, "event_type": "INTERVAL_START", "key": "eval_stop", "value": null, "metadata": {"file": "/lus/grand/projects/datascience/zhaozhenghao/workspace/methods/optimized-hpc/cosmoflow/pytorch/trainer.py", "lineno": 239, "epoch_num": 3, "instance": 0}}
:::MLLOG {"namespace": "", "time_ms": 1691078427551, "event_type": "INTERVAL_END", "key": "epoch_stop", "value": null, "metadata": {"file": "/lus/grand/projects/datascience/zhaozhenghao/workspace/methods/optimized-hpc/cosmoflow/pytorch/utils/utils.py", "lineno": 229, "epoch_num": 3, "training_epoch_latency": 12340.6435546875, "eval_epoch_latency": 4482.064453125, "instance": 0}}
:::MLLOG {"namespace": "", "time_ms": 1691078427552, "event_type": "POINT_IN_TIME", "key": "tracked_stats", "value": {"throughput": 217.81684140605321}, "metadata": {"file": "/lus/grand/projects/datascience/zhaozhenghao/workspace/methods/optimized-hpc/cosmoflow/pytorch/trainer.py", "lineno": 253, "epoch_num": 3, "step": 2, "instance": 0}}
:::MLLOG {"namespace": "", "time_ms": 1691078427552, "event_type": "POINT_IN_TIME", "key": "eval_error", "value": 0.38012635707855225, "metadata": {"file": "/lus/grand/projects/datascience/zhaozhenghao/workspace/methods/optimized-hpc/cosmoflow/pytorch/trainer.py", "lineno": 258, "epoch_num": 3, "instance": 0}}
:::MLLOG {"namespace": "", "time_ms": 1691078427552, "event_type": "POINT_IN_TIME", "key": "epoch_time", "value": {"training_time": 12340.6435546875, "eval_time": 4482.064453125}, "metadata": {"file": "/lus/grand/projects/datascience/zhaozhenghao/workspace/methods/optimized-hpc/cosmoflow/pytorch/trainer.py", "lineno": 261, "epoch_num": 3, "instance": 0}}
:::MLLOG {"namespace": "", "time_ms": 1691078427552, "event_type": "INTERVAL_START", "key": "epoch_start", "value": null, "metadata": {"file": "/lus/grand/projects/datascience/zhaozhenghao/workspace/methods/optimized-hpc/cosmoflow/pytorch/trainer.py", "lineno": 228, "epoch_num": 4, "lr": [0.00625], "instance": 0}}
:::MLLOG {"namespace": "", "time_ms": 1691078439413, "event_type": "INTERVAL_START", "key": "eval_start", "value": null, "metadata": {"file": "/lus/grand/projects/datascience/zhaozhenghao/workspace/methods/optimized-hpc/cosmoflow/pytorch/trainer.py", "lineno": 235, "epoch_num": 4, "instance": 0}}
:::MLLOG {"namespace": "", "time_ms": 1691078443843, "event_type": "INTERVAL_START", "key": "eval_stop", "value": null, "metadata": {"file": "/lus/grand/projects/datascience/zhaozhenghao/workspace/methods/optimized-hpc/cosmoflow/pytorch/trainer.py", "lineno": 239, "epoch_num": 4, "instance": 0}}
:::MLLOG {"namespace": "", "time_ms": 1691078443844, "event_type": "INTERVAL_END", "key": "epoch_stop", "value": null, "metadata": {"file": "/lus/grand/projects/datascience/zhaozhenghao/workspace/methods/optimized-hpc/cosmoflow/pytorch/utils/utils.py", "lineno": 229, "epoch_num": 4, "training_epoch_latency": 11860.7138671875, "eval_epoch_latency": 4430.357421875, "instance": 0}}
:::MLLOG {"namespace": "", "time_ms": 1691078443844, "event_type": "POINT_IN_TIME", "key": "tracked_stats", "value": {"throughput": 226.63054096906552}, "metadata": {"file": "/lus/grand/projects/datascience/zhaozhenghao/workspace/methods/optimized-hpc/cosmoflow/pytorch/trainer.py", "lineno": 253, "epoch_num": 4, "step": 3, "instance": 0}}
:::MLLOG {"namespace": "", "time_ms": 1691078443844, "event_type": "POINT_IN_TIME", "key": "eval_error", "value": 0.39410141110420227, "metadata": {"file": "/lus/grand/projects/datascience/zhaozhenghao/workspace/methods/optimized-hpc/cosmoflow/pytorch/trainer.py", "lineno": 258, "epoch_num": 4, "instance": 0}}
:::MLLOG {"namespace": "", "time_ms": 1691078443844, "event_type": "POINT_IN_TIME", "key": "epoch_time", "value": {"training_time": 11860.7138671875, "eval_time": 4430.357421875}, "metadata": {"file": "/lus/grand/projects/datascience/zhaozhenghao/workspace/methods/optimized-hpc/cosmoflow/pytorch/trainer.py", "lineno": 261, "epoch_num": 4, "instance": 0}}
:::MLLOG {"namespace": "", "time_ms": 1691078443844, "event_type": "INTERVAL_START", "key": "epoch_start", "value": null, "metadata": {"file": "/lus/grand/projects/datascience/zhaozhenghao/workspace/methods/optimized-hpc/cosmoflow/pytorch/trainer.py", "lineno": 228, "epoch_num": 5, "lr": [0.008], "instance": 0}}
:::MLLOG {"namespace": "", "time_ms": 1691078455997, "event_type": "INTERVAL_START", "key": "eval_start", "value": null, "metadata": {"file": "/lus/grand/projects/datascience/zhaozhenghao/workspace/methods/optimized-hpc/cosmoflow/pytorch/trainer.py", "lineno": 235, "epoch_num": 5, "instance": 0}}
:::MLLOG {"namespace": "", "time_ms": 1691078460455, "event_type": "INTERVAL_START", "key": "eval_stop", "value": null, "metadata": {"file": "/lus/grand/projects/datascience/zhaozhenghao/workspace/methods/optimized-hpc/cosmoflow/pytorch/trainer.py", "lineno": 239, "epoch_num": 5, "instance": 0}}
:::MLLOG {"namespace": "", "time_ms": 1691078460455, "event_type": "INTERVAL_END", "key": "epoch_stop", "value": null, "metadata": {"file": "/lus/grand/projects/datascience/zhaozhenghao/workspace/methods/optimized-hpc/cosmoflow/pytorch/utils/utils.py", "lineno": 229, "epoch_num": 5, "training_epoch_latency": 12152.3232421875, "eval_epoch_latency": 4458.1162109375, "instance": 0}}
:::MLLOG {"namespace": "", "time_ms": 1691078460456, "event_type": "POINT_IN_TIME", "key": "tracked_stats", "value": {"throughput": 221.19227298599588}, "metadata": {"file": "/lus/grand/projects/datascience/zhaozhenghao/workspace/methods/optimized-hpc/cosmoflow/pytorch/trainer.py", "lineno": 253, "epoch_num": 5, "step": 4, "instance": 0}}
:::MLLOG {"namespace": "", "time_ms": 1691078460456, "event_type": "POINT_IN_TIME", "key": "eval_error", "value": 0.39694681763648987, "metadata": {"file": "/lus/grand/projects/datascience/zhaozhenghao/workspace/methods/optimized-hpc/cosmoflow/pytorch/trainer.py", "lineno": 258, "epoch_num": 5, "instance": 0}}
:::MLLOG {"namespace": "", "time_ms": 1691078460456, "event_type": "POINT_IN_TIME", "key": "epoch_time", "value": {"training_time": 12152.3232421875, "eval_time": 4458.1162109375}, "metadata": {"file": "/lus/grand/projects/datascience/zhaozhenghao/workspace/methods/optimized-hpc/cosmoflow/pytorch/trainer.py", "lineno": 261, "epoch_num": 5, "instance": 0}}
:::MLLOG {"namespace": "", "time_ms": 1691078460456, "event_type": "INTERVAL_START", "key": "epoch_start", "value": null, "metadata": {"file": "/lus/grand/projects/datascience/zhaozhenghao/workspace/methods/optimized-hpc/cosmoflow/pytorch/trainer.py", "lineno": 228, "epoch_num": 6, "lr": [0.008], "instance": 0}}
:::MLLOG {"namespace": "", "time_ms": 1691078472273, "event_type": "INTERVAL_START", "key": "eval_start", "value": null, "metadata": {"file": "/lus/grand/projects/datascience/zhaozhenghao/workspace/methods/optimized-hpc/cosmoflow/pytorch/trainer.py", "lineno": 235, "epoch_num": 6, "instance": 0}}
:::MLLOG {"namespace": "", "time_ms": 1691078476723, "event_type": "INTERVAL_START", "key": "eval_stop", "value": null, "metadata": {"file": "/lus/grand/projects/datascience/zhaozhenghao/workspace/methods/optimized-hpc/cosmoflow/pytorch/trainer.py", "lineno": 239, "epoch_num": 6, "instance": 0}}
:::MLLOG {"namespace": "", "time_ms": 1691078476723, "event_type": "INTERVAL_END", "key": "epoch_stop", "value": null, "metadata": {"file": "/lus/grand/projects/datascience/zhaozhenghao/workspace/methods/optimized-hpc/cosmoflow/pytorch/utils/utils.py", "lineno": 229, "epoch_num": 6, "training_epoch_latency": 11817.2265625, "eval_epoch_latency": 4449.4794921875, "instance": 0}}
:::MLLOG {"namespace": "", "time_ms": 1691078476724, "event_type": "POINT_IN_TIME", "key": "tracked_stats", "value": {"throughput": 227.46453965179276}, "metadata": {"file": "/lus/grand/projects/datascience/zhaozhenghao/workspace/methods/optimized-hpc/cosmoflow/pytorch/trainer.py", "lineno": 253, "epoch_num": 6, "step": 5, "instance": 0}}
:::MLLOG {"namespace": "", "time_ms": 1691078476724, "event_type": "POINT_IN_TIME", "key": "eval_error", "value": 0.3947397470474243, "metadata": {"file": "/lus/grand/projects/datascience/zhaozhenghao/workspace/methods/optimized-hpc/cosmoflow/pytorch/trainer.py", "lineno": 258, "epoch_num": 6, "instance": 0}}
:::MLLOG {"namespace": "", "time_ms": 1691078476724, "event_type": "POINT_IN_TIME", "key": "epoch_time", "value": {"training_time": 11817.2265625, "eval_time": 4449.4794921875}, "metadata": {"file": "/lus/grand/projects/datascience/zhaozhenghao/workspace/methods/optimized-hpc/cosmoflow/pytorch/trainer.py", "lineno": 261, "epoch_num": 6, "instance": 0}}
:::MLLOG {"namespace": "", "time_ms": 1691078476724, "event_type": "INTERVAL_START", "key": "epoch_start", "value": null, "metadata": {"file": "/lus/grand/projects/datascience/zhaozhenghao/workspace/methods/optimized-hpc/cosmoflow/pytorch/trainer.py", "lineno": 228, "epoch_num": 7, "lr": [0.008], "instance": 0}}
:::MLLOG {"namespace": "", "time_ms": 1691078488813, "event_type": "INTERVAL_START", "key": "eval_start", "value": null, "metadata": {"file": "/lus/grand/projects/datascience/zhaozhenghao/workspace/methods/optimized-hpc/cosmoflow/pytorch/trainer.py", "lineno": 235, "epoch_num": 7, "instance": 0}}
:::MLLOG {"namespace": "", "time_ms": 1691078493235, "event_type": "INTERVAL_START", "key": "eval_stop", "value": null, "metadata": {"file": "/lus/grand/projects/datascience/zhaozhenghao/workspace/methods/optimized-hpc/cosmoflow/pytorch/trainer.py", "lineno": 239, "epoch_num": 7, "instance": 0}}
:::MLLOG {"namespace": "", "time_ms": 1691078493235, "event_type": "INTERVAL_END", "key": "epoch_stop", "value": null, "metadata": {"file": "/lus/grand/projects/datascience/zhaozhenghao/workspace/methods/optimized-hpc/cosmoflow/pytorch/utils/utils.py", "lineno": 229, "epoch_num": 7, "training_epoch_latency": 12088.5576171875, "eval_epoch_latency": 4422.17236328125, "instance": 0}}
:::MLLOG {"namespace": "", "time_ms": 1691078493236, "event_type": "POINT_IN_TIME", "key": "tracked_stats", "value": {"throughput": 222.35903447886983}, "metadata": {"file": "/lus/grand/projects/datascience/zhaozhenghao/workspace/methods/optimized-hpc/cosmoflow/pytorch/trainer.py", "lineno": 253, "epoch_num": 7, "step": 6, "instance": 0}}
:::MLLOG {"namespace": "", "time_ms": 1691078493236, "event_type": "POINT_IN_TIME", "key": "eval_error", "value": 0.40047845244407654, "metadata": {"file": "/lus/grand/projects/datascience/zhaozhenghao/workspace/methods/optimized-hpc/cosmoflow/pytorch/trainer.py", "lineno": 258, "epoch_num": 7, "instance": 0}}
:::MLLOG {"namespace": "", "time_ms": 1691078493236, "event_type": "POINT_IN_TIME", "key": "epoch_time", "value": {"training_time": 12088.5576171875, "eval_time": 4422.17236328125}, "metadata": {"file": "/lus/grand/projects/datascience/zhaozhenghao/workspace/methods/optimized-hpc/cosmoflow/pytorch/trainer.py", "lineno": 261, "epoch_num": 7, "instance": 0}}
:::MLLOG {"namespace": "", "time_ms": 1691078493236, "event_type": "INTERVAL_START", "key": "epoch_start", "value": null, "metadata": {"file": "/lus/grand/projects/datascience/zhaozhenghao/workspace/methods/optimized-hpc/cosmoflow/pytorch/trainer.py", "lineno": 228, "epoch_num": 8, "lr": [0.008], "instance": 0}}
:::MLLOG {"namespace": "", "time_ms": 1691078505539, "event_type": "INTERVAL_START", "key": "eval_start", "value": null, "metadata": {"file": "/lus/grand/projects/datascience/zhaozhenghao/workspace/methods/optimized-hpc/cosmoflow/pytorch/trainer.py", "lineno": 235, "epoch_num": 8, "instance": 0}}
:::MLLOG {"namespace": "", "time_ms": 1691078510039, "event_type": "INTERVAL_START", "key": "eval_stop", "value": null, "metadata": {"file": "/lus/grand/projects/datascience/zhaozhenghao/workspace/methods/optimized-hpc/cosmoflow/pytorch/trainer.py", "lineno": 239, "epoch_num": 8, "instance": 0}}
:::MLLOG {"namespace": "", "time_ms": 1691078510039, "event_type": "INTERVAL_END", "key": "epoch_stop", "value": null, "metadata": {"file": "/lus/grand/projects/datascience/zhaozhenghao/workspace/methods/optimized-hpc/cosmoflow/pytorch/utils/utils.py", "lineno": 229, "epoch_num": 8, "training_epoch_latency": 12303.3603515625, "eval_epoch_latency": 4499.36865234375, "instance": 0}}
:::MLLOG {"namespace": "", "time_ms": 1691078510040, "event_type": "POINT_IN_TIME", "key": "tracked_stats", "value": {"throughput": 218.47689762729172}, "metadata": {"file": "/lus/grand/projects/datascience/zhaozhenghao/workspace/methods/optimized-hpc/cosmoflow/pytorch/trainer.py", "lineno": 253, "epoch_num": 8, "step": 7, "instance": 0}}
:::MLLOG {"namespace": "", "time_ms": 1691078510040, "event_type": "POINT_IN_TIME", "key": "eval_error", "value": 0.3900645971298218, "metadata": {"file": "/lus/grand/projects/datascience/zhaozhenghao/workspace/methods/optimized-hpc/cosmoflow/pytorch/trainer.py", "lineno": 258, "epoch_num": 8, "instance": 0}}
:::MLLOG {"namespace": "", "time_ms": 1691078510040, "event_type": "POINT_IN_TIME", "key": "epoch_time", "value": {"training_time": 12303.3603515625, "eval_time": 4499.36865234375}, "metadata": {"file": "/lus/grand/projects/datascience/zhaozhenghao/workspace/methods/optimized-hpc/cosmoflow/pytorch/trainer.py", "lineno": 261, "epoch_num": 8, "instance": 0}}
:::MLLOG {"namespace": "", "time_ms": 1691078510040, "event_type": "INTERVAL_START", "key": "epoch_start", "value": null, "metadata": {"file": "/lus/grand/projects/datascience/zhaozhenghao/workspace/methods/optimized-hpc/cosmoflow/pytorch/trainer.py", "lineno": 228, "epoch_num": 9, "lr": [0.008], "instance": 0}}
:::MLLOG {"namespace": "", "time_ms": 1691078522499, "event_type": "INTERVAL_START", "key": "eval_start", "value": null, "metadata": {"file": "/lus/grand/projects/datascience/zhaozhenghao/workspace/methods/optimized-hpc/cosmoflow/pytorch/trainer.py", "lineno": 235, "epoch_num": 9, "instance": 0}}
:::MLLOG {"namespace": "", "time_ms": 1691078526979, "event_type": "INTERVAL_START", "key": "eval_stop", "value": null, "metadata": {"file": "/lus/grand/projects/datascience/zhaozhenghao/workspace/methods/optimized-hpc/cosmoflow/pytorch/trainer.py", "lineno": 239, "epoch_num": 9, "instance": 0}}
:::MLLOG {"namespace": "", "time_ms": 1691078526979, "event_type": "INTERVAL_END", "key": "epoch_stop", "value": null, "metadata": {"file": "/lus/grand/projects/datascience/zhaozhenghao/workspace/methods/optimized-hpc/cosmoflow/pytorch/utils/utils.py", "lineno": 229, "epoch_num": 9, "training_epoch_latency": 12459.3642578125, "eval_epoch_latency": 4479.34033203125, "instance": 0}}
:::MLLOG {"namespace": "", "time_ms": 1691078526980, "event_type": "POINT_IN_TIME", "key": "tracked_stats", "value": {"throughput": 215.7413447732312}, "metadata": {"file": "/lus/grand/projects/datascience/zhaozhenghao/workspace/methods/optimized-hpc/cosmoflow/pytorch/trainer.py", "lineno": 253, "epoch_num": 9, "step": 8, "instance": 0}}
:::MLLOG {"namespace": "", "time_ms": 1691078526980, "event_type": "POINT_IN_TIME", "key": "eval_error", "value": 0.3881874680519104, "metadata": {"file": "/lus/grand/projects/datascience/zhaozhenghao/workspace/methods/optimized-hpc/cosmoflow/pytorch/trainer.py", "lineno": 258, "epoch_num": 9, "instance": 0}}
:::MLLOG {"namespace": "", "time_ms": 1691078526980, "event_type": "POINT_IN_TIME", "key": "epoch_time", "value": {"training_time": 12459.3642578125, "eval_time": 4479.34033203125}, "metadata": {"file": "/lus/grand/projects/datascience/zhaozhenghao/workspace/methods/optimized-hpc/cosmoflow/pytorch/trainer.py", "lineno": 261, "epoch_num": 9, "instance": 0}}
:::MLLOG {"namespace": "", "time_ms": 1691078526980, "event_type": "INTERVAL_START", "key": "epoch_start", "value": null, "metadata": {"file": "/lus/grand/projects/datascience/zhaozhenghao/workspace/methods/optimized-hpc/cosmoflow/pytorch/trainer.py", "lineno": 228, "epoch_num": 10, "lr": [0.008], "instance": 0}}
:::MLLOG {"namespace": "", "time_ms": 1691078539388, "event_type": "INTERVAL_START", "key": "eval_start", "value": null, "metadata": {"file": "/lus/grand/projects/datascience/zhaozhenghao/workspace/methods/optimized-hpc/cosmoflow/pytorch/trainer.py", "lineno": 235, "epoch_num": 10, "instance": 0}}
:::MLLOG {"namespace": "", "time_ms": 1691078543823, "event_type": "INTERVAL_START", "key": "eval_stop", "value": null, "metadata": {"file": "/lus/grand/projects/datascience/zhaozhenghao/workspace/methods/optimized-hpc/cosmoflow/pytorch/trainer.py", "lineno": 239, "epoch_num": 10, "instance": 0}}
:::MLLOG {"namespace": "", "time_ms": 1691078543823, "event_type": "INTERVAL_END", "key": "epoch_stop", "value": null, "metadata": {"file": "/lus/grand/projects/datascience/zhaozhenghao/workspace/methods/optimized-hpc/cosmoflow/pytorch/utils/utils.py", "lineno": 229, "epoch_num": 10, "training_epoch_latency": 12407.29296875, "eval_epoch_latency": 4435.3857421875, "instance": 0}}
:::MLLOG {"namespace": "", "time_ms": 1691078543824, "event_type": "POINT_IN_TIME", "key": "tracked_stats", "value": {"throughput": 216.64677434233332}, "metadata": {"file": "/lus/grand/projects/datascience/zhaozhenghao/workspace/methods/optimized-hpc/cosmoflow/pytorch/trainer.py", "lineno": 253, "epoch_num": 10, "step": 9, "instance": 0}}
:::MLLOG {"namespace": "", "time_ms": 1691078543824, "event_type": "POINT_IN_TIME", "key": "eval_error", "value": 0.38696029782295227, "metadata": {"file": "/lus/grand/projects/datascience/zhaozhenghao/workspace/methods/optimized-hpc/cosmoflow/pytorch/trainer.py", "lineno": 258, "epoch_num": 10, "instance": 0}}
:::MLLOG {"namespace": "", "time_ms": 1691078543824, "event_type": "POINT_IN_TIME", "key": "epoch_time", "value": {"training_time": 12407.29296875, "eval_time": 4435.3857421875}, "metadata": {"file": "/lus/grand/projects/datascience/zhaozhenghao/workspace/methods/optimized-hpc/cosmoflow/pytorch/trainer.py", "lineno": 261, "epoch_num": 10, "instance": 0}}
:::MLLOG {"namespace": "", "time_ms": 1691078543825, "event_type": "INTERVAL_END", "key": "run_stop", "value": null, "metadata": {"file": "/lus/grand/projects/datascience/zhaozhenghao/workspace/methods/optimized-hpc/cosmoflow/pytorch/utils/utils.py", "lineno": 229, "status": "aborted", "time": 208.5118443965912, "epoch_num": 10, "instance": 0}}
:::MLLOG {"namespace": "", "time_ms": 1691079726039, "event_type": "POINT_IN_TIME", "key": "cache_clear", "value": null, "metadata": {"file": "./main.py", "lineno": 43, "instance": 0}}
:::MLLOG {"namespace": "", "time_ms": 1691079726134, "event_type": "INTERVAL_START", "key": "init_start", "value": null, "metadata": {"file": "./main.py", "lineno": 44, "instance": 0}}
:::MLLOG {"namespace": "", "time_ms": 1691079726134, "event_type": "POINT_IN_TIME", "key": "submission_benchmark", "value": "cosmoflow", "metadata": {"file": "./main.py", "lineno": 48, "instance": 0}}
:::MLLOG {"namespace": "", "time_ms": 1691079726134, "event_type": "POINT_IN_TIME", "key": "submission_org", "value": "NVIDIA", "metadata": {"file": "./main.py", "lineno": 50, "instance": 0}}
:::MLLOG {"namespace": "", "time_ms": 1691079726134, "event_type": "POINT_IN_TIME", "key": "submission_division", "value": "closed", "metadata": {"file": "./main.py", "lineno": 52, "instance": 0}}
:::MLLOG {"namespace": "", "time_ms": 1691079726134, "event_type": "POINT_IN_TIME", "key": "submission_status", "value": "onprem", "metadata": {"file": "./main.py", "lineno": 54, "instance": 0}}
:::MLLOG {"namespace": "", "time_ms": 1691079726134, "event_type": "POINT_IN_TIME", "key": "submission_platform", "value": "2.0xNVIDIA DGX A100", "metadata": {"file": "./main.py", "lineno": 56, "instance": 0}}
:::MLLOG {"namespace": "", "time_ms": 1691079726135, "event_type": "POINT_IN_TIME", "key": "number_of_nodes", "value": 2, "metadata": {"file": "./main.py", "lineno": 59, "instance": 0}}
:::MLLOG {"namespace": "", "time_ms": 1691079726135, "event_type": "POINT_IN_TIME", "key": "accelerators_per_node", "value": 4, "metadata": {"file": "./main.py", "lineno": 61, "instance": 0}}
:::MLLOG {"namespace": "", "time_ms": 1691079728409, "event_type": "POINT_IN_TIME", "key": "dropout", "value": 0.5, "metadata": {"file": "./main.py", "lineno": 107, "instance": 0}}
:::MLLOG {"namespace": "", "time_ms": 1691079729201, "event_type": "POINT_IN_TIME", "key": "opt_weight_decay", "value": 0, "metadata": {"file": "/lus/grand/projects/datascience/zhaozhenghao/workspace/methods/optimized-hpc/cosmoflow/pytorch/optimizer.py", "lineno": 63, "instance": 0}}
:::MLLOG {"namespace": "", "time_ms": 1691079729201, "event_type": "POINT_IN_TIME", "key": "opt_name", "value": "sgd", "metadata": {"file": "/lus/grand/projects/datascience/zhaozhenghao/workspace/methods/optimized-hpc/cosmoflow/pytorch/optimizer.py", "lineno": 65, "instance": 0}}
:::MLLOG {"namespace": "", "time_ms": 1691079729202, "event_type": "POINT_IN_TIME", "key": "opt_base_learning_rate", "value": 0.008, "metadata": {"file": "/lus/grand/projects/datascience/zhaozhenghao/workspace/methods/optimized-hpc/cosmoflow/pytorch/optimizer.py", "lineno": 96, "instance": 0}}
:::MLLOG {"namespace": "", "time_ms": 1691079729202, "event_type": "POINT_IN_TIME", "key": "opt_learning_rate_warmup_epochs", "value": 4, "metadata": {"file": "/lus/grand/projects/datascience/zhaozhenghao/workspace/methods/optimized-hpc/cosmoflow/pytorch/optimizer.py", "lineno": 98, "instance": 0}}
:::MLLOG {"namespace": "", "time_ms": 1691079729202, "event_type": "POINT_IN_TIME", "key": "opt_learning_rate_warmup_factor", "value": 8, "metadata": {"file": "/lus/grand/projects/datascience/zhaozhenghao/workspace/methods/optimized-hpc/cosmoflow/pytorch/optimizer.py", "lineno": 100, "instance": 0}}
:::MLLOG {"namespace": "", "time_ms": 1691079729202, "event_type": "POINT_IN_TIME", "key": "opt_learning_rate_decay_boundary_epochs", "value": [32, 64], "metadata": {"file": "/lus/grand/projects/datascience/zhaozhenghao/workspace/methods/optimized-hpc/cosmoflow/pytorch/optimizer.py", "lineno": 102, "instance": 0}}
:::MLLOG {"namespace": "", "time_ms": 1691079729202, "event_type": "POINT_IN_TIME", "key": "opt_learning_rate_decay_factor", "value": [0.25, 0.125], "metadata": {"file": "/lus/grand/projects/datascience/zhaozhenghao/workspace/methods/optimized-hpc/cosmoflow/pytorch/optimizer.py", "lineno": 104, "instance": 0}}
:::MLLOG {"namespace": "", "time_ms": 1691079729202, "event_type": "POINT_IN_TIME", "key": "global_batch_size", "value": 8, "metadata": {"file": "./main.py", "lineno": 120, "instance": 0}}
:::MLLOG {"namespace": "", "time_ms": 1691079729203, "event_type": "POINT_IN_TIME", "key": "train_samples", "value": 23296, "metadata": {"file": "./main.py", "lineno": 122, "instance": 0}}
:::MLLOG {"namespace": "", "time_ms": 1691079729203, "event_type": "POINT_IN_TIME", "key": "eval_samples", "value": 23296, "metadata": {"file": "./main.py", "lineno": 124, "instance": 0}}
:::MLLOG {"namespace": "", "time_ms": 1691079733604, "event_type": "INTERVAL_END", "key": "init_stop", "value": null, "metadata": {"file": "/lus/grand/projects/datascience/zhaozhenghao/workspace/methods/optimized-hpc/cosmoflow/pytorch/utils/utils.py", "lineno": 229, "instance": 0}}
:::MLLOG {"namespace": "", "time_ms": 1691079733604, "event_type": "INTERVAL_START", "key": "run_start", "value": null, "metadata": {"file": "./main.py", "lineno": 144, "instance": 0}}
:::MLLOG {"namespace": "", "time_ms": 1691079733605, "event_type": "INTERVAL_START", "key": "staging_start", "value": null, "metadata": {"file": "./main.py", "lineno": 146, "instance": 0}}
:::MLLOG {"namespace": "", "time_ms": 1691079733605, "event_type": "INTERVAL_START", "key": "staing train data", "value": null, "metadata": {"file": "./main.py", "lineno": 150, "instance": 0}}
:::MLLOG {"namespace": "", "time_ms": 1691079733691, "event_type": "INTERVAL_START", "key": "staing val data", "value": null, "metadata": {"file": "./main.py", "lineno": 153, "instance": 0}}
:::MLLOG {"namespace": "", "time_ms": 1691079736249, "event_type": "INTERVAL_START", "key": "problem in executor", "value": null, "metadata": {"file": "./main.py", "lineno": 158, "instance": 0}}
:::MLLOG {"namespace": "", "time_ms": 1691080093339, "event_type": "INTERVAL_START", "key": "problem not in executor", "value": null, "metadata": {"file": "./main.py", "lineno": 159, "instance": 0}}
:::MLLOG {"namespace": "", "time_ms": 1691080093390, "event_type": "INTERVAL_END", "key": "staging_stop", "value": null, "metadata": {"file": "/lus/grand/projects/datascience/zhaozhenghao/workspace/methods/optimized-hpc/cosmoflow/pytorch/utils/utils.py", "lineno": 229, "staging_duration": 359.78529953956604, "instance": 0}}
:::MLLOG {"namespace": "", "time_ms": 1691080098118, "event_type": "INTERVAL_START", "key": "Start training", "value": null, "metadata": {"file": "./main.py", "lineno": 167, "instance": 0}}
:::MLLOG {"namespace": "", "time_ms": 1691080098123, "event_type": "INTERVAL_START", "key": "epoch_start", "value": null, "metadata": {"file": "/lus/grand/projects/datascience/zhaozhenghao/workspace/methods/optimized-hpc/cosmoflow/pytorch/trainer.py", "lineno": 228, "epoch_num": 1, "lr": [0.001], "instance": 0}}
:::MLLOG {"namespace": "", "time_ms": 1691080204297, "event_type": "INTERVAL_START", "key": "eval_start", "value": null, "metadata": {"file": "/lus/grand/projects/datascience/zhaozhenghao/workspace/methods/optimized-hpc/cosmoflow/pytorch/trainer.py", "lineno": 235, "epoch_num": 1, "instance": 0}}
:::MLLOG {"namespace": "", "time_ms": 1691080242858, "event_type": "INTERVAL_START", "key": "eval_stop", "value": null, "metadata": {"file": "/lus/grand/projects/datascience/zhaozhenghao/workspace/methods/optimized-hpc/cosmoflow/pytorch/trainer.py", "lineno": 239, "epoch_num": 1, "instance": 0}}
:::MLLOG {"namespace": "", "time_ms": 1691080242859, "event_type": "INTERVAL_END", "key": "epoch_stop", "value": null, "metadata": {"file": "/lus/grand/projects/datascience/zhaozhenghao/workspace/methods/optimized-hpc/cosmoflow/pytorch/utils/utils.py", "lineno": 229, "epoch_num": 1, "training_epoch_latency": 106149.6796875, "eval_epoch_latency": 38561.73828125, "instance": 0}}
:::MLLOG {"namespace": "", "time_ms": 1691080242860, "event_type": "POINT_IN_TIME", "key": "tracked_stats", "value": {"throughput": 219.46368626436183}, "metadata": {"file": "/lus/grand/projects/datascience/zhaozhenghao/workspace/methods/optimized-hpc/cosmoflow/pytorch/trainer.py", "lineno": 253, "epoch_num": 1, "step": 0, "instance": 0}}
:::MLLOG {"namespace": "", "time_ms": 1691080242860, "event_type": "POINT_IN_TIME", "key": "eval_error", "value": 0.3881559669971466, "metadata": {"file": "/lus/grand/projects/datascience/zhaozhenghao/workspace/methods/optimized-hpc/cosmoflow/pytorch/trainer.py", "lineno": 258, "epoch_num": 1, "instance": 0}}
:::MLLOG {"namespace": "", "time_ms": 1691080242860, "event_type": "POINT_IN_TIME", "key": "epoch_time", "value": {"training_time": 106149.6796875, "eval_time": 38561.73828125}, "metadata": {"file": "/lus/grand/projects/datascience/zhaozhenghao/workspace/methods/optimized-hpc/cosmoflow/pytorch/trainer.py", "lineno": 261, "epoch_num": 1, "instance": 0}}
:::MLLOG {"namespace": "", "time_ms": 1691080242860, "event_type": "INTERVAL_START", "key": "epoch_start", "value": null, "metadata": {"file": "/lus/grand/projects/datascience/zhaozhenghao/workspace/methods/optimized-hpc/cosmoflow/pytorch/trainer.py", "lineno": 228, "epoch_num": 2, "lr": [0.00275], "instance": 0}}
