:::MLLOG {"namespace": "", "time_ms": 1690132900230, "event_type": "POINT_IN_TIME", "key": "cache_clear", "value": null, "metadata": {"file": "./main.py", "lineno": 42, "instance": 0}}
:::MLLOG {"namespace": "", "time_ms": 1690132900375, "event_type": "INTERVAL_START", "key": "init_start", "value": null, "metadata": {"file": "./main.py", "lineno": 43, "instance": 0}}
:::MLLOG {"namespace": "", "time_ms": 1690132900375, "event_type": "POINT_IN_TIME", "key": "submission_benchmark", "value": "cosmoflow", "metadata": {"file": "./main.py", "lineno": 47, "instance": 0}}
:::MLLOG {"namespace": "", "time_ms": 1690132900375, "event_type": "POINT_IN_TIME", "key": "submission_org", "value": "NVIDIA", "metadata": {"file": "./main.py", "lineno": 49, "instance": 0}}
:::MLLOG {"namespace": "", "time_ms": 1690132900375, "event_type": "POINT_IN_TIME", "key": "submission_division", "value": "closed", "metadata": {"file": "./main.py", "lineno": 51, "instance": 0}}
:::MLLOG {"namespace": "", "time_ms": 1690132900375, "event_type": "POINT_IN_TIME", "key": "submission_status", "value": "onprem", "metadata": {"file": "./main.py", "lineno": 53, "instance": 0}}
:::MLLOG {"namespace": "", "time_ms": 1690132900375, "event_type": "POINT_IN_TIME", "key": "submission_platform", "value": "2.0xNVIDIA DGX A100", "metadata": {"file": "./main.py", "lineno": 55, "instance": 0}}
:::MLLOG {"namespace": "", "time_ms": 1690132900376, "event_type": "POINT_IN_TIME", "key": "number_of_nodes", "value": 2, "metadata": {"file": "./main.py", "lineno": 58, "instance": 0}}
:::MLLOG {"namespace": "", "time_ms": 1690132900376, "event_type": "POINT_IN_TIME", "key": "accelerators_per_node", "value": 4, "metadata": {"file": "./main.py", "lineno": 60, "instance": 0}}
:::MLLOG {"namespace": "", "time_ms": 1690132901643, "event_type": "POINT_IN_TIME", "key": "dropout", "value": 0.5, "metadata": {"file": "./main.py", "lineno": 106, "instance": 0}}
:::MLLOG {"namespace": "", "time_ms": 1690132902416, "event_type": "POINT_IN_TIME", "key": "opt_weight_decay", "value": 0, "metadata": {"file": "/lus/grand/projects/datascience/zhaozhenghao/workspace/methods/optimized-hpc/cosmoflow/pytorch/optimizer.py", "lineno": 63, "instance": 0}}
:::MLLOG {"namespace": "", "time_ms": 1690132902416, "event_type": "POINT_IN_TIME", "key": "opt_name", "value": "sgd", "metadata": {"file": "/lus/grand/projects/datascience/zhaozhenghao/workspace/methods/optimized-hpc/cosmoflow/pytorch/optimizer.py", "lineno": 65, "instance": 0}}
:::MLLOG {"namespace": "", "time_ms": 1690132902417, "event_type": "POINT_IN_TIME", "key": "opt_base_learning_rate", "value": 0.008, "metadata": {"file": "/lus/grand/projects/datascience/zhaozhenghao/workspace/methods/optimized-hpc/cosmoflow/pytorch/optimizer.py", "lineno": 96, "instance": 0}}
:::MLLOG {"namespace": "", "time_ms": 1690132902417, "event_type": "POINT_IN_TIME", "key": "opt_learning_rate_warmup_epochs", "value": 4, "metadata": {"file": "/lus/grand/projects/datascience/zhaozhenghao/workspace/methods/optimized-hpc/cosmoflow/pytorch/optimizer.py", "lineno": 98, "instance": 0}}
:::MLLOG {"namespace": "", "time_ms": 1690132902417, "event_type": "POINT_IN_TIME", "key": "opt_learning_rate_warmup_factor", "value": 8, "metadata": {"file": "/lus/grand/projects/datascience/zhaozhenghao/workspace/methods/optimized-hpc/cosmoflow/pytorch/optimizer.py", "lineno": 100, "instance": 0}}
:::MLLOG {"namespace": "", "time_ms": 1690132902417, "event_type": "POINT_IN_TIME", "key": "opt_learning_rate_decay_boundary_epochs", "value": [32, 64], "metadata": {"file": "/lus/grand/projects/datascience/zhaozhenghao/workspace/methods/optimized-hpc/cosmoflow/pytorch/optimizer.py", "lineno": 102, "instance": 0}}
:::MLLOG {"namespace": "", "time_ms": 1690132902417, "event_type": "POINT_IN_TIME", "key": "opt_learning_rate_decay_factor", "value": [0.25, 0.125], "metadata": {"file": "/lus/grand/projects/datascience/zhaozhenghao/workspace/methods/optimized-hpc/cosmoflow/pytorch/optimizer.py", "lineno": 104, "instance": 0}}
:::MLLOG {"namespace": "", "time_ms": 1690132902418, "event_type": "POINT_IN_TIME", "key": "global_batch_size", "value": 8, "metadata": {"file": "./main.py", "lineno": 119, "instance": 0}}
:::MLLOG {"namespace": "", "time_ms": 1690132902418, "event_type": "POINT_IN_TIME", "key": "train_samples", "value": 256, "metadata": {"file": "./main.py", "lineno": 121, "instance": 0}}
:::MLLOG {"namespace": "", "time_ms": 1690132902418, "event_type": "POINT_IN_TIME", "key": "eval_samples", "value": 256, "metadata": {"file": "./main.py", "lineno": 123, "instance": 0}}
:::MLLOG {"namespace": "", "time_ms": 1690132908087, "event_type": "INTERVAL_END", "key": "init_stop", "value": null, "metadata": {"file": "/lus/grand/projects/datascience/zhaozhenghao/workspace/methods/optimized-hpc/cosmoflow/pytorch/utils/utils.py", "lineno": 214, "instance": 0}}
:::MLLOG {"namespace": "", "time_ms": 1690132908087, "event_type": "INTERVAL_START", "key": "run_start", "value": null, "metadata": {"file": "./main.py", "lineno": 143, "instance": 0}}
:::MLLOG {"namespace": "", "time_ms": 1690132908088, "event_type": "INTERVAL_START", "key": "staging_start", "value": null, "metadata": {"file": "./main.py", "lineno": 145, "instance": 0}}
:::MLLOG {"namespace": "", "time_ms": 1690132912124, "event_type": "INTERVAL_END", "key": "staging_stop", "value": null, "metadata": {"file": "/lus/grand/projects/datascience/zhaozhenghao/workspace/methods/optimized-hpc/cosmoflow/pytorch/utils/utils.py", "lineno": 214, "staging_duration": 4.036340951919556, "instance": 0}}
:::MLLOG {"namespace": "", "time_ms": 1690132914735, "event_type": "INTERVAL_START", "key": "epoch_start", "value": null, "metadata": {"file": "/lus/grand/projects/datascience/zhaozhenghao/workspace/methods/optimized-hpc/cosmoflow/pytorch/trainer.py", "lineno": 182, "epoch_num": 1, "lr": [0.001], "instance": 0}}
:::MLLOG {"namespace": "", "time_ms": 1690132916869, "event_type": "INTERVAL_START", "key": "eval_start", "value": null, "metadata": {"file": "/lus/grand/projects/datascience/zhaozhenghao/workspace/methods/optimized-hpc/cosmoflow/pytorch/trainer.py", "lineno": 189, "epoch_num": 1, "instance": 0}}
:::MLLOG {"namespace": "", "time_ms": 1690132917220, "event_type": "INTERVAL_START", "key": "eval_stop", "value": null, "metadata": {"file": "/lus/grand/projects/datascience/zhaozhenghao/workspace/methods/optimized-hpc/cosmoflow/pytorch/trainer.py", "lineno": 193, "epoch_num": 1, "instance": 0}}
:::MLLOG {"namespace": "", "time_ms": 1690132917221, "event_type": "INTERVAL_END", "key": "epoch_stop", "value": null, "metadata": {"file": "/lus/grand/projects/datascience/zhaozhenghao/workspace/methods/optimized-hpc/cosmoflow/pytorch/utils/utils.py", "lineno": 214, "epoch_num": 1, "training_epoch_latency": 2077.5771484375, "eval_epoch_latency": 351.2827453613281, "instance": 0}}
