:::MLLOG {"namespace": "", "time_ms": 1690313150394, "event_type": "POINT_IN_TIME", "key": "cache_clear", "value": null, "metadata": {"file": "./main_hvd.py", "lineno": 43, "instance": 0}}
:::MLLOG {"namespace": "", "time_ms": 1690313150539, "event_type": "INTERVAL_START", "key": "init_start", "value": null, "metadata": {"file": "./main_hvd.py", "lineno": 44, "instance": 0}}
:::MLLOG {"namespace": "", "time_ms": 1690313150539, "event_type": "POINT_IN_TIME", "key": "submission_benchmark", "value": "cosmoflow", "metadata": {"file": "./main_hvd.py", "lineno": 48, "instance": 0}}
:::MLLOG {"namespace": "", "time_ms": 1690313150539, "event_type": "POINT_IN_TIME", "key": "submission_org", "value": "NVIDIA", "metadata": {"file": "./main_hvd.py", "lineno": 50, "instance": 0}}
:::MLLOG {"namespace": "", "time_ms": 1690313150539, "event_type": "POINT_IN_TIME", "key": "submission_division", "value": "closed", "metadata": {"file": "./main_hvd.py", "lineno": 52, "instance": 0}}
:::MLLOG {"namespace": "", "time_ms": 1690313150540, "event_type": "POINT_IN_TIME", "key": "submission_status", "value": "onprem", "metadata": {"file": "./main_hvd.py", "lineno": 54, "instance": 0}}
:::MLLOG {"namespace": "", "time_ms": 1690313150540, "event_type": "POINT_IN_TIME", "key": "submission_platform", "value": "2.0xNVIDIA DGX A100", "metadata": {"file": "./main_hvd.py", "lineno": 56, "instance": 0}}
:::MLLOG {"namespace": "", "time_ms": 1690313150540, "event_type": "POINT_IN_TIME", "key": "number_of_nodes", "value": 2, "metadata": {"file": "./main_hvd.py", "lineno": 59, "instance": 0}}
:::MLLOG {"namespace": "", "time_ms": 1690313150540, "event_type": "POINT_IN_TIME", "key": "accelerators_per_node", "value": 4, "metadata": {"file": "./main_hvd.py", "lineno": 61, "instance": 0}}
:::MLLOG {"namespace": "", "time_ms": 1690313152293, "event_type": "POINT_IN_TIME", "key": "dropout", "value": 0.5, "metadata": {"file": "./main_hvd.py", "lineno": 107, "instance": 0}}
:::MLLOG {"namespace": "", "time_ms": 1690313152295, "event_type": "POINT_IN_TIME", "key": "opt_weight_decay", "value": 0, "metadata": {"file": "/lus/grand/projects/datascience/zhaozhenghao/workspace/methods/optimized-hpc/cosmoflow/pytorch/optimizer.py", "lineno": 63, "instance": 0}}
:::MLLOG {"namespace": "", "time_ms": 1690313152295, "event_type": "POINT_IN_TIME", "key": "opt_name", "value": "sgd", "metadata": {"file": "/lus/grand/projects/datascience/zhaozhenghao/workspace/methods/optimized-hpc/cosmoflow/pytorch/optimizer.py", "lineno": 65, "instance": 0}}
:::MLLOG {"namespace": "", "time_ms": 1690313152295, "event_type": "POINT_IN_TIME", "key": "opt_base_learning_rate", "value": 0.008, "metadata": {"file": "/lus/grand/projects/datascience/zhaozhenghao/workspace/methods/optimized-hpc/cosmoflow/pytorch/optimizer.py", "lineno": 96, "instance": 0}}
:::MLLOG {"namespace": "", "time_ms": 1690313152295, "event_type": "POINT_IN_TIME", "key": "opt_learning_rate_warmup_epochs", "value": 4, "metadata": {"file": "/lus/grand/projects/datascience/zhaozhenghao/workspace/methods/optimized-hpc/cosmoflow/pytorch/optimizer.py", "lineno": 98, "instance": 0}}
:::MLLOG {"namespace": "", "time_ms": 1690313152295, "event_type": "POINT_IN_TIME", "key": "opt_learning_rate_warmup_factor", "value": 8, "metadata": {"file": "/lus/grand/projects/datascience/zhaozhenghao/workspace/methods/optimized-hpc/cosmoflow/pytorch/optimizer.py", "lineno": 100, "instance": 0}}
:::MLLOG {"namespace": "", "time_ms": 1690313152295, "event_type": "POINT_IN_TIME", "key": "opt_learning_rate_decay_boundary_epochs", "value": [32, 64], "metadata": {"file": "/lus/grand/projects/datascience/zhaozhenghao/workspace/methods/optimized-hpc/cosmoflow/pytorch/optimizer.py", "lineno": 102, "instance": 0}}
:::MLLOG {"namespace": "", "time_ms": 1690313152296, "event_type": "POINT_IN_TIME", "key": "opt_learning_rate_decay_factor", "value": [0.25, 0.125], "metadata": {"file": "/lus/grand/projects/datascience/zhaozhenghao/workspace/methods/optimized-hpc/cosmoflow/pytorch/optimizer.py", "lineno": 104, "instance": 0}}
:::MLLOG {"namespace": "", "time_ms": 1690313155450, "event_type": "POINT_IN_TIME", "key": "global_batch_size", "value": 8, "metadata": {"file": "./main_hvd.py", "lineno": 126, "instance": 0}}
:::MLLOG {"namespace": "", "time_ms": 1690313155451, "event_type": "POINT_IN_TIME", "key": "train_samples", "value": 256, "metadata": {"file": "./main_hvd.py", "lineno": 128, "instance": 0}}
:::MLLOG {"namespace": "", "time_ms": 1690313155451, "event_type": "POINT_IN_TIME", "key": "eval_samples", "value": 256, "metadata": {"file": "./main_hvd.py", "lineno": 130, "instance": 0}}
:::MLLOG {"namespace": "", "time_ms": 1690313561464, "event_type": "POINT_IN_TIME", "key": "cache_clear", "value": null, "metadata": {"file": "./main_hvd.py", "lineno": 43, "instance": 0}}
:::MLLOG {"namespace": "", "time_ms": 1690313561607, "event_type": "INTERVAL_START", "key": "init_start", "value": null, "metadata": {"file": "./main_hvd.py", "lineno": 44, "instance": 0}}
:::MLLOG {"namespace": "", "time_ms": 1690313561607, "event_type": "POINT_IN_TIME", "key": "submission_benchmark", "value": "cosmoflow", "metadata": {"file": "./main_hvd.py", "lineno": 48, "instance": 0}}
:::MLLOG {"namespace": "", "time_ms": 1690313561607, "event_type": "POINT_IN_TIME", "key": "submission_org", "value": "NVIDIA", "metadata": {"file": "./main_hvd.py", "lineno": 50, "instance": 0}}
:::MLLOG {"namespace": "", "time_ms": 1690313561607, "event_type": "POINT_IN_TIME", "key": "submission_division", "value": "closed", "metadata": {"file": "./main_hvd.py", "lineno": 52, "instance": 0}}
:::MLLOG {"namespace": "", "time_ms": 1690313561608, "event_type": "POINT_IN_TIME", "key": "submission_status", "value": "onprem", "metadata": {"file": "./main_hvd.py", "lineno": 54, "instance": 0}}
:::MLLOG {"namespace": "", "time_ms": 1690313561608, "event_type": "POINT_IN_TIME", "key": "submission_platform", "value": "2.0xNVIDIA DGX A100", "metadata": {"file": "./main_hvd.py", "lineno": 56, "instance": 0}}
:::MLLOG {"namespace": "", "time_ms": 1690313561608, "event_type": "POINT_IN_TIME", "key": "number_of_nodes", "value": 2, "metadata": {"file": "./main_hvd.py", "lineno": 59, "instance": 0}}
:::MLLOG {"namespace": "", "time_ms": 1690313561608, "event_type": "POINT_IN_TIME", "key": "accelerators_per_node", "value": 4, "metadata": {"file": "./main_hvd.py", "lineno": 61, "instance": 0}}
:::MLLOG {"namespace": "", "time_ms": 1690313563060, "event_type": "POINT_IN_TIME", "key": "dropout", "value": 0.5, "metadata": {"file": "./main_hvd.py", "lineno": 107, "instance": 0}}
:::MLLOG {"namespace": "", "time_ms": 1690313563063, "event_type": "POINT_IN_TIME", "key": "opt_weight_decay", "value": 0, "metadata": {"file": "/lus/grand/projects/datascience/zhaozhenghao/workspace/methods/optimized-hpc/cosmoflow/pytorch/optimizer.py", "lineno": 63, "instance": 0}}
:::MLLOG {"namespace": "", "time_ms": 1690313563063, "event_type": "POINT_IN_TIME", "key": "opt_name", "value": "sgd", "metadata": {"file": "/lus/grand/projects/datascience/zhaozhenghao/workspace/methods/optimized-hpc/cosmoflow/pytorch/optimizer.py", "lineno": 65, "instance": 0}}
:::MLLOG {"namespace": "", "time_ms": 1690313563064, "event_type": "POINT_IN_TIME", "key": "opt_base_learning_rate", "value": 0.008, "metadata": {"file": "/lus/grand/projects/datascience/zhaozhenghao/workspace/methods/optimized-hpc/cosmoflow/pytorch/optimizer.py", "lineno": 96, "instance": 0}}
:::MLLOG {"namespace": "", "time_ms": 1690313563064, "event_type": "POINT_IN_TIME", "key": "opt_learning_rate_warmup_epochs", "value": 4, "metadata": {"file": "/lus/grand/projects/datascience/zhaozhenghao/workspace/methods/optimized-hpc/cosmoflow/pytorch/optimizer.py", "lineno": 98, "instance": 0}}
:::MLLOG {"namespace": "", "time_ms": 1690313563064, "event_type": "POINT_IN_TIME", "key": "opt_learning_rate_warmup_factor", "value": 8, "metadata": {"file": "/lus/grand/projects/datascience/zhaozhenghao/workspace/methods/optimized-hpc/cosmoflow/pytorch/optimizer.py", "lineno": 100, "instance": 0}}
:::MLLOG {"namespace": "", "time_ms": 1690313563064, "event_type": "POINT_IN_TIME", "key": "opt_learning_rate_decay_boundary_epochs", "value": [32, 64], "metadata": {"file": "/lus/grand/projects/datascience/zhaozhenghao/workspace/methods/optimized-hpc/cosmoflow/pytorch/optimizer.py", "lineno": 102, "instance": 0}}
:::MLLOG {"namespace": "", "time_ms": 1690313563064, "event_type": "POINT_IN_TIME", "key": "opt_learning_rate_decay_factor", "value": [0.25, 0.125], "metadata": {"file": "/lus/grand/projects/datascience/zhaozhenghao/workspace/methods/optimized-hpc/cosmoflow/pytorch/optimizer.py", "lineno": 104, "instance": 0}}
:::MLLOG {"namespace": "", "time_ms": 1690313566312, "event_type": "POINT_IN_TIME", "key": "global_batch_size", "value": 8, "metadata": {"file": "./main_hvd.py", "lineno": 126, "instance": 0}}
:::MLLOG {"namespace": "", "time_ms": 1690313566313, "event_type": "POINT_IN_TIME", "key": "train_samples", "value": 256, "metadata": {"file": "./main_hvd.py", "lineno": 128, "instance": 0}}
:::MLLOG {"namespace": "", "time_ms": 1690313566313, "event_type": "POINT_IN_TIME", "key": "eval_samples", "value": 256, "metadata": {"file": "./main_hvd.py", "lineno": 130, "instance": 0}}
:::MLLOG {"namespace": "", "time_ms": 1690313838405, "event_type": "POINT_IN_TIME", "key": "cache_clear", "value": null, "metadata": {"file": "./main_hvd.py", "lineno": 43, "instance": 0}}
:::MLLOG {"namespace": "", "time_ms": 1690313838549, "event_type": "INTERVAL_START", "key": "init_start", "value": null, "metadata": {"file": "./main_hvd.py", "lineno": 44, "instance": 0}}
:::MLLOG {"namespace": "", "time_ms": 1690313838549, "event_type": "POINT_IN_TIME", "key": "submission_benchmark", "value": "cosmoflow", "metadata": {"file": "./main_hvd.py", "lineno": 48, "instance": 0}}
:::MLLOG {"namespace": "", "time_ms": 1690313838550, "event_type": "POINT_IN_TIME", "key": "submission_org", "value": "NVIDIA", "metadata": {"file": "./main_hvd.py", "lineno": 50, "instance": 0}}
:::MLLOG {"namespace": "", "time_ms": 1690313838550, "event_type": "POINT_IN_TIME", "key": "submission_division", "value": "closed", "metadata": {"file": "./main_hvd.py", "lineno": 52, "instance": 0}}
:::MLLOG {"namespace": "", "time_ms": 1690313838550, "event_type": "POINT_IN_TIME", "key": "submission_status", "value": "onprem", "metadata": {"file": "./main_hvd.py", "lineno": 54, "instance": 0}}
:::MLLOG {"namespace": "", "time_ms": 1690313838550, "event_type": "POINT_IN_TIME", "key": "submission_platform", "value": "2.0xNVIDIA DGX A100", "metadata": {"file": "./main_hvd.py", "lineno": 56, "instance": 0}}
:::MLLOG {"namespace": "", "time_ms": 1690313838550, "event_type": "POINT_IN_TIME", "key": "number_of_nodes", "value": 2, "metadata": {"file": "./main_hvd.py", "lineno": 59, "instance": 0}}
:::MLLOG {"namespace": "", "time_ms": 1690313838550, "event_type": "POINT_IN_TIME", "key": "accelerators_per_node", "value": 4, "metadata": {"file": "./main_hvd.py", "lineno": 61, "instance": 0}}
:::MLLOG {"namespace": "", "time_ms": 1690313839898, "event_type": "POINT_IN_TIME", "key": "dropout", "value": 0.5, "metadata": {"file": "./main_hvd.py", "lineno": 107, "instance": 0}}
:::MLLOG {"namespace": "", "time_ms": 1690313839901, "event_type": "POINT_IN_TIME", "key": "opt_weight_decay", "value": 0, "metadata": {"file": "/lus/grand/projects/datascience/zhaozhenghao/workspace/methods/optimized-hpc/cosmoflow/pytorch/optimizer.py", "lineno": 63, "instance": 0}}
:::MLLOG {"namespace": "", "time_ms": 1690313839903, "event_type": "POINT_IN_TIME", "key": "opt_name", "value": "sgd", "metadata": {"file": "/lus/grand/projects/datascience/zhaozhenghao/workspace/methods/optimized-hpc/cosmoflow/pytorch/optimizer.py", "lineno": 65, "instance": 0}}
:::MLLOG {"namespace": "", "time_ms": 1690313839903, "event_type": "POINT_IN_TIME", "key": "opt_base_learning_rate", "value": 0.008, "metadata": {"file": "/lus/grand/projects/datascience/zhaozhenghao/workspace/methods/optimized-hpc/cosmoflow/pytorch/optimizer.py", "lineno": 96, "instance": 0}}
:::MLLOG {"namespace": "", "time_ms": 1690313839903, "event_type": "POINT_IN_TIME", "key": "opt_learning_rate_warmup_epochs", "value": 4, "metadata": {"file": "/lus/grand/projects/datascience/zhaozhenghao/workspace/methods/optimized-hpc/cosmoflow/pytorch/optimizer.py", "lineno": 98, "instance": 0}}
:::MLLOG {"namespace": "", "time_ms": 1690313839904, "event_type": "POINT_IN_TIME", "key": "opt_learning_rate_warmup_factor", "value": 8, "metadata": {"file": "/lus/grand/projects/datascience/zhaozhenghao/workspace/methods/optimized-hpc/cosmoflow/pytorch/optimizer.py", "lineno": 100, "instance": 0}}
:::MLLOG {"namespace": "", "time_ms": 1690313839904, "event_type": "POINT_IN_TIME", "key": "opt_learning_rate_decay_boundary_epochs", "value": [32, 64], "metadata": {"file": "/lus/grand/projects/datascience/zhaozhenghao/workspace/methods/optimized-hpc/cosmoflow/pytorch/optimizer.py", "lineno": 102, "instance": 0}}
:::MLLOG {"namespace": "", "time_ms": 1690313839904, "event_type": "POINT_IN_TIME", "key": "opt_learning_rate_decay_factor", "value": [0.25, 0.125], "metadata": {"file": "/lus/grand/projects/datascience/zhaozhenghao/workspace/methods/optimized-hpc/cosmoflow/pytorch/optimizer.py", "lineno": 104, "instance": 0}}
:::MLLOG {"namespace": "", "time_ms": 1690313843165, "event_type": "POINT_IN_TIME", "key": "global_batch_size", "value": 8, "metadata": {"file": "./main_hvd.py", "lineno": 126, "instance": 0}}
:::MLLOG {"namespace": "", "time_ms": 1690313843165, "event_type": "POINT_IN_TIME", "key": "train_samples", "value": 256, "metadata": {"file": "./main_hvd.py", "lineno": 128, "instance": 0}}
:::MLLOG {"namespace": "", "time_ms": 1690313843165, "event_type": "POINT_IN_TIME", "key": "eval_samples", "value": 256, "metadata": {"file": "./main_hvd.py", "lineno": 130, "instance": 0}}
:::MLLOG {"namespace": "", "time_ms": 1690314446280, "event_type": "POINT_IN_TIME", "key": "cache_clear", "value": null, "metadata": {"file": "./main_hvd.py", "lineno": 43, "instance": 0}}
:::MLLOG {"namespace": "", "time_ms": 1690314446423, "event_type": "INTERVAL_START", "key": "init_start", "value": null, "metadata": {"file": "./main_hvd.py", "lineno": 44, "instance": 0}}
:::MLLOG {"namespace": "", "time_ms": 1690314446423, "event_type": "POINT_IN_TIME", "key": "submission_benchmark", "value": "cosmoflow", "metadata": {"file": "./main_hvd.py", "lineno": 48, "instance": 0}}
:::MLLOG {"namespace": "", "time_ms": 1690314446423, "event_type": "POINT_IN_TIME", "key": "submission_org", "value": "NVIDIA", "metadata": {"file": "./main_hvd.py", "lineno": 50, "instance": 0}}
:::MLLOG {"namespace": "", "time_ms": 1690314446423, "event_type": "POINT_IN_TIME", "key": "submission_division", "value": "closed", "metadata": {"file": "./main_hvd.py", "lineno": 52, "instance": 0}}
:::MLLOG {"namespace": "", "time_ms": 1690314446423, "event_type": "POINT_IN_TIME", "key": "submission_status", "value": "onprem", "metadata": {"file": "./main_hvd.py", "lineno": 54, "instance": 0}}
:::MLLOG {"namespace": "", "time_ms": 1690314446424, "event_type": "POINT_IN_TIME", "key": "submission_platform", "value": "2.0xNVIDIA DGX A100", "metadata": {"file": "./main_hvd.py", "lineno": 56, "instance": 0}}
:::MLLOG {"namespace": "", "time_ms": 1690314446424, "event_type": "POINT_IN_TIME", "key": "number_of_nodes", "value": 2, "metadata": {"file": "./main_hvd.py", "lineno": 59, "instance": 0}}
:::MLLOG {"namespace": "", "time_ms": 1690314446424, "event_type": "POINT_IN_TIME", "key": "accelerators_per_node", "value": 4, "metadata": {"file": "./main_hvd.py", "lineno": 61, "instance": 0}}
:::MLLOG {"namespace": "", "time_ms": 1690314447867, "event_type": "POINT_IN_TIME", "key": "dropout", "value": 0.5, "metadata": {"file": "./main_hvd.py", "lineno": 107, "instance": 0}}
:::MLLOG {"namespace": "", "time_ms": 1690314447869, "event_type": "POINT_IN_TIME", "key": "opt_weight_decay", "value": 0, "metadata": {"file": "/lus/grand/projects/datascience/zhaozhenghao/workspace/methods/optimized-hpc/cosmoflow/pytorch/optimizer.py", "lineno": 63, "instance": 0}}
:::MLLOG {"namespace": "", "time_ms": 1690314447869, "event_type": "POINT_IN_TIME", "key": "opt_name", "value": "sgd", "metadata": {"file": "/lus/grand/projects/datascience/zhaozhenghao/workspace/methods/optimized-hpc/cosmoflow/pytorch/optimizer.py", "lineno": 65, "instance": 0}}
:::MLLOG {"namespace": "", "time_ms": 1690314447869, "event_type": "POINT_IN_TIME", "key": "opt_base_learning_rate", "value": 0.008, "metadata": {"file": "/lus/grand/projects/datascience/zhaozhenghao/workspace/methods/optimized-hpc/cosmoflow/pytorch/optimizer.py", "lineno": 96, "instance": 0}}
:::MLLOG {"namespace": "", "time_ms": 1690314447869, "event_type": "POINT_IN_TIME", "key": "opt_learning_rate_warmup_epochs", "value": 4, "metadata": {"file": "/lus/grand/projects/datascience/zhaozhenghao/workspace/methods/optimized-hpc/cosmoflow/pytorch/optimizer.py", "lineno": 98, "instance": 0}}
:::MLLOG {"namespace": "", "time_ms": 1690314447869, "event_type": "POINT_IN_TIME", "key": "opt_learning_rate_warmup_factor", "value": 8, "metadata": {"file": "/lus/grand/projects/datascience/zhaozhenghao/workspace/methods/optimized-hpc/cosmoflow/pytorch/optimizer.py", "lineno": 100, "instance": 0}}
:::MLLOG {"namespace": "", "time_ms": 1690314447870, "event_type": "POINT_IN_TIME", "key": "opt_learning_rate_decay_boundary_epochs", "value": [32, 64], "metadata": {"file": "/lus/grand/projects/datascience/zhaozhenghao/workspace/methods/optimized-hpc/cosmoflow/pytorch/optimizer.py", "lineno": 102, "instance": 0}}
:::MLLOG {"namespace": "", "time_ms": 1690314447870, "event_type": "POINT_IN_TIME", "key": "opt_learning_rate_decay_factor", "value": [0.25, 0.125], "metadata": {"file": "/lus/grand/projects/datascience/zhaozhenghao/workspace/methods/optimized-hpc/cosmoflow/pytorch/optimizer.py", "lineno": 104, "instance": 0}}
:::MLLOG {"namespace": "", "time_ms": 1690314451185, "event_type": "POINT_IN_TIME", "key": "global_batch_size", "value": 8, "metadata": {"file": "./main_hvd.py", "lineno": 126, "instance": 0}}
:::MLLOG {"namespace": "", "time_ms": 1690314451185, "event_type": "POINT_IN_TIME", "key": "train_samples", "value": 256, "metadata": {"file": "./main_hvd.py", "lineno": 128, "instance": 0}}
:::MLLOG {"namespace": "", "time_ms": 1690314451185, "event_type": "POINT_IN_TIME", "key": "eval_samples", "value": 256, "metadata": {"file": "./main_hvd.py", "lineno": 130, "instance": 0}}
:::MLLOG {"namespace": "", "time_ms": 1690314515032, "event_type": "POINT_IN_TIME", "key": "cache_clear", "value": null, "metadata": {"file": "./main_hvd.py", "lineno": 43, "instance": 0}}
:::MLLOG {"namespace": "", "time_ms": 1690314515176, "event_type": "INTERVAL_START", "key": "init_start", "value": null, "metadata": {"file": "./main_hvd.py", "lineno": 44, "instance": 0}}
:::MLLOG {"namespace": "", "time_ms": 1690314515176, "event_type": "POINT_IN_TIME", "key": "submission_benchmark", "value": "cosmoflow", "metadata": {"file": "./main_hvd.py", "lineno": 48, "instance": 0}}
:::MLLOG {"namespace": "", "time_ms": 1690314515176, "event_type": "POINT_IN_TIME", "key": "submission_org", "value": "NVIDIA", "metadata": {"file": "./main_hvd.py", "lineno": 50, "instance": 0}}
:::MLLOG {"namespace": "", "time_ms": 1690314515176, "event_type": "POINT_IN_TIME", "key": "submission_division", "value": "closed", "metadata": {"file": "./main_hvd.py", "lineno": 52, "instance": 0}}
:::MLLOG {"namespace": "", "time_ms": 1690314515176, "event_type": "POINT_IN_TIME", "key": "submission_status", "value": "onprem", "metadata": {"file": "./main_hvd.py", "lineno": 54, "instance": 0}}
:::MLLOG {"namespace": "", "time_ms": 1690314515176, "event_type": "POINT_IN_TIME", "key": "submission_platform", "value": "2.0xNVIDIA DGX A100", "metadata": {"file": "./main_hvd.py", "lineno": 56, "instance": 0}}
:::MLLOG {"namespace": "", "time_ms": 1690314515176, "event_type": "POINT_IN_TIME", "key": "number_of_nodes", "value": 2, "metadata": {"file": "./main_hvd.py", "lineno": 59, "instance": 0}}
:::MLLOG {"namespace": "", "time_ms": 1690314515177, "event_type": "POINT_IN_TIME", "key": "accelerators_per_node", "value": 4, "metadata": {"file": "./main_hvd.py", "lineno": 61, "instance": 0}}
:::MLLOG {"namespace": "", "time_ms": 1690314516647, "event_type": "POINT_IN_TIME", "key": "dropout", "value": 0.5, "metadata": {"file": "./main_hvd.py", "lineno": 107, "instance": 0}}
:::MLLOG {"namespace": "", "time_ms": 1690314516648, "event_type": "POINT_IN_TIME", "key": "opt_weight_decay", "value": 0, "metadata": {"file": "/lus/grand/projects/datascience/zhaozhenghao/workspace/methods/optimized-hpc/cosmoflow/pytorch/optimizer.py", "lineno": 63, "instance": 0}}
:::MLLOG {"namespace": "", "time_ms": 1690314516649, "event_type": "POINT_IN_TIME", "key": "opt_name", "value": "sgd", "metadata": {"file": "/lus/grand/projects/datascience/zhaozhenghao/workspace/methods/optimized-hpc/cosmoflow/pytorch/optimizer.py", "lineno": 65, "instance": 0}}
:::MLLOG {"namespace": "", "time_ms": 1690314516649, "event_type": "POINT_IN_TIME", "key": "opt_base_learning_rate", "value": 0.008, "metadata": {"file": "/lus/grand/projects/datascience/zhaozhenghao/workspace/methods/optimized-hpc/cosmoflow/pytorch/optimizer.py", "lineno": 96, "instance": 0}}
:::MLLOG {"namespace": "", "time_ms": 1690314516649, "event_type": "POINT_IN_TIME", "key": "opt_learning_rate_warmup_epochs", "value": 4, "metadata": {"file": "/lus/grand/projects/datascience/zhaozhenghao/workspace/methods/optimized-hpc/cosmoflow/pytorch/optimizer.py", "lineno": 98, "instance": 0}}
:::MLLOG {"namespace": "", "time_ms": 1690314516651, "event_type": "POINT_IN_TIME", "key": "opt_learning_rate_warmup_factor", "value": 8, "metadata": {"file": "/lus/grand/projects/datascience/zhaozhenghao/workspace/methods/optimized-hpc/cosmoflow/pytorch/optimizer.py", "lineno": 100, "instance": 0}}
:::MLLOG {"namespace": "", "time_ms": 1690314516651, "event_type": "POINT_IN_TIME", "key": "opt_learning_rate_decay_boundary_epochs", "value": [32, 64], "metadata": {"file": "/lus/grand/projects/datascience/zhaozhenghao/workspace/methods/optimized-hpc/cosmoflow/pytorch/optimizer.py", "lineno": 102, "instance": 0}}
:::MLLOG {"namespace": "", "time_ms": 1690314516652, "event_type": "POINT_IN_TIME", "key": "opt_learning_rate_decay_factor", "value": [0.25, 0.125], "metadata": {"file": "/lus/grand/projects/datascience/zhaozhenghao/workspace/methods/optimized-hpc/cosmoflow/pytorch/optimizer.py", "lineno": 104, "instance": 0}}
:::MLLOG {"namespace": "", "time_ms": 1690314519909, "event_type": "POINT_IN_TIME", "key": "global_batch_size", "value": 8, "metadata": {"file": "./main_hvd.py", "lineno": 126, "instance": 0}}
:::MLLOG {"namespace": "", "time_ms": 1690314519910, "event_type": "POINT_IN_TIME", "key": "train_samples", "value": 256, "metadata": {"file": "./main_hvd.py", "lineno": 128, "instance": 0}}
:::MLLOG {"namespace": "", "time_ms": 1690314519910, "event_type": "POINT_IN_TIME", "key": "eval_samples", "value": 256, "metadata": {"file": "./main_hvd.py", "lineno": 130, "instance": 0}}
:::MLLOG {"namespace": "", "time_ms": 1690314623335, "event_type": "POINT_IN_TIME", "key": "cache_clear", "value": null, "metadata": {"file": "./main_hvd.py", "lineno": 43, "instance": 0}}
:::MLLOG {"namespace": "", "time_ms": 1690314623478, "event_type": "INTERVAL_START", "key": "init_start", "value": null, "metadata": {"file": "./main_hvd.py", "lineno": 44, "instance": 0}}
:::MLLOG {"namespace": "", "time_ms": 1690314623479, "event_type": "POINT_IN_TIME", "key": "submission_benchmark", "value": "cosmoflow", "metadata": {"file": "./main_hvd.py", "lineno": 48, "instance": 0}}
:::MLLOG {"namespace": "", "time_ms": 1690314623479, "event_type": "POINT_IN_TIME", "key": "submission_org", "value": "NVIDIA", "metadata": {"file": "./main_hvd.py", "lineno": 50, "instance": 0}}
:::MLLOG {"namespace": "", "time_ms": 1690314623479, "event_type": "POINT_IN_TIME", "key": "submission_division", "value": "closed", "metadata": {"file": "./main_hvd.py", "lineno": 52, "instance": 0}}
:::MLLOG {"namespace": "", "time_ms": 1690314623479, "event_type": "POINT_IN_TIME", "key": "submission_status", "value": "onprem", "metadata": {"file": "./main_hvd.py", "lineno": 54, "instance": 0}}
:::MLLOG {"namespace": "", "time_ms": 1690314623479, "event_type": "POINT_IN_TIME", "key": "submission_platform", "value": "2.0xNVIDIA DGX A100", "metadata": {"file": "./main_hvd.py", "lineno": 56, "instance": 0}}
:::MLLOG {"namespace": "", "time_ms": 1690314623479, "event_type": "POINT_IN_TIME", "key": "number_of_nodes", "value": 2, "metadata": {"file": "./main_hvd.py", "lineno": 59, "instance": 0}}
:::MLLOG {"namespace": "", "time_ms": 1690314623479, "event_type": "POINT_IN_TIME", "key": "accelerators_per_node", "value": 4, "metadata": {"file": "./main_hvd.py", "lineno": 61, "instance": 0}}
:::MLLOG {"namespace": "", "time_ms": 1690314624798, "event_type": "POINT_IN_TIME", "key": "dropout", "value": 0.5, "metadata": {"file": "./main_hvd.py", "lineno": 107, "instance": 0}}
:::MLLOG {"namespace": "", "time_ms": 1690314624799, "event_type": "POINT_IN_TIME", "key": "opt_weight_decay", "value": 0, "metadata": {"file": "/lus/grand/projects/datascience/zhaozhenghao/workspace/methods/optimized-hpc/cosmoflow/pytorch/optimizer.py", "lineno": 63, "instance": 0}}
:::MLLOG {"namespace": "", "time_ms": 1690314624799, "event_type": "POINT_IN_TIME", "key": "opt_name", "value": "sgd", "metadata": {"file": "/lus/grand/projects/datascience/zhaozhenghao/workspace/methods/optimized-hpc/cosmoflow/pytorch/optimizer.py", "lineno": 65, "instance": 0}}
:::MLLOG {"namespace": "", "time_ms": 1690314624799, "event_type": "POINT_IN_TIME", "key": "opt_base_learning_rate", "value": 0.008, "metadata": {"file": "/lus/grand/projects/datascience/zhaozhenghao/workspace/methods/optimized-hpc/cosmoflow/pytorch/optimizer.py", "lineno": 96, "instance": 0}}
:::MLLOG {"namespace": "", "time_ms": 1690314624800, "event_type": "POINT_IN_TIME", "key": "opt_learning_rate_warmup_epochs", "value": 4, "metadata": {"file": "/lus/grand/projects/datascience/zhaozhenghao/workspace/methods/optimized-hpc/cosmoflow/pytorch/optimizer.py", "lineno": 98, "instance": 0}}
:::MLLOG {"namespace": "", "time_ms": 1690314624800, "event_type": "POINT_IN_TIME", "key": "opt_learning_rate_warmup_factor", "value": 8, "metadata": {"file": "/lus/grand/projects/datascience/zhaozhenghao/workspace/methods/optimized-hpc/cosmoflow/pytorch/optimizer.py", "lineno": 100, "instance": 0}}
:::MLLOG {"namespace": "", "time_ms": 1690314624800, "event_type": "POINT_IN_TIME", "key": "opt_learning_rate_decay_boundary_epochs", "value": [32, 64], "metadata": {"file": "/lus/grand/projects/datascience/zhaozhenghao/workspace/methods/optimized-hpc/cosmoflow/pytorch/optimizer.py", "lineno": 102, "instance": 0}}
:::MLLOG {"namespace": "", "time_ms": 1690314624800, "event_type": "POINT_IN_TIME", "key": "opt_learning_rate_decay_factor", "value": [0.25, 0.125], "metadata": {"file": "/lus/grand/projects/datascience/zhaozhenghao/workspace/methods/optimized-hpc/cosmoflow/pytorch/optimizer.py", "lineno": 104, "instance": 0}}
:::MLLOG {"namespace": "", "time_ms": 1690314628062, "event_type": "POINT_IN_TIME", "key": "global_batch_size", "value": 8, "metadata": {"file": "./main_hvd.py", "lineno": 126, "instance": 0}}
:::MLLOG {"namespace": "", "time_ms": 1690314628062, "event_type": "POINT_IN_TIME", "key": "train_samples", "value": 256, "metadata": {"file": "./main_hvd.py", "lineno": 128, "instance": 0}}
:::MLLOG {"namespace": "", "time_ms": 1690314628062, "event_type": "POINT_IN_TIME", "key": "eval_samples", "value": 256, "metadata": {"file": "./main_hvd.py", "lineno": 130, "instance": 0}}
